Connecting to database specified by database.yml
Connecting to database specified by database.yml
Connecting to database specified by database.yml
  [1m[36m (0.1ms)[0m  [1mselect sqlite_version(*)[0m
  [1m[35m (17.8ms)[0m  CREATE TABLE "schema_migrations" ("version" varchar(255) NOT NULL) 
  [1m[36m (16.8ms)[0m  [1mCREATE UNIQUE INDEX "unique_schema_migrations" ON "schema_migrations" ("version")[0m
  [1m[35m (0.1ms)[0m  SELECT "schema_migrations"."version" FROM "schema_migrations" 
Migrating to CreatePosts (20130814035032)
  [1m[36m (0.0ms)[0m  [1mbegin transaction[0m
  [1m[35m (0.4ms)[0m  CREATE TABLE "posts" ("id" INTEGER PRIMARY KEY AUTOINCREMENT NOT NULL, "title" varchar(255), "text" text, "created_at" datetime NOT NULL, "updated_at" datetime NOT NULL) 
  [1m[36m (0.1ms)[0m  [1mINSERT INTO "schema_migrations" ("version") VALUES ('20130814035032')[0m
  [1m[35m (20.0ms)[0m  commit transaction
Migrating to DeviseCreateUsers (20130820221502)
  [1m[36m (0.0ms)[0m  [1mbegin transaction[0m
  [1m[35m (0.4ms)[0m  CREATE TABLE "users" ("id" INTEGER PRIMARY KEY AUTOINCREMENT NOT NULL, "email" varchar(255) DEFAULT '' NOT NULL, "encrypted_password" varchar(255) DEFAULT '' NOT NULL, "reset_password_token" varchar(255), "reset_password_sent_at" datetime, "remember_created_at" datetime, "sign_in_count" integer DEFAULT 0, "current_sign_in_at" datetime, "last_sign_in_at" datetime, "current_sign_in_ip" varchar(255), "last_sign_in_ip" varchar(255), "created_at" datetime NOT NULL, "updated_at" datetime NOT NULL) 
  [1m[36m (0.4ms)[0m  [1mCREATE UNIQUE INDEX "index_users_on_email" ON "users" ("email")[0m
  [1m[35m (0.2ms)[0m  CREATE UNIQUE INDEX "index_users_on_reset_password_token" ON "users" ("reset_password_token")
  [1m[36m (0.1ms)[0m  [1mINSERT INTO "schema_migrations" ("version") VALUES ('20130820221502')[0m
  [1m[35m (15.1ms)[0m  commit transaction
  [1m[36m (0.1ms)[0m  [1mSELECT "schema_migrations"."version" FROM "schema_migrations" [0m
Connecting to database specified by database.yml
  [1m[36m (0.1ms)[0m  [1mSELECT "schema_migrations"."version" FROM "schema_migrations" [0m
Migrating to CreatePosts (20130814035032)
Migrating to DeviseCreateUsers (20130820221502)
  [1m[35m (0.1ms)[0m  select sqlite_version(*)
  [1m[36m (0.1ms)[0m  [1mSELECT "schema_migrations"."version" FROM "schema_migrations" [0m
Connecting to database specified by database.yml


Started GET "/" for 122.59.247.6 at 2013-09-23 12:22:41 +0000
Processing by WelcomeController#index as HTML
  Rendered welcome/index.html.erb within layouts/application (2.8ms)
Compiled posts.css  (13ms)  (pid 959)
Compiled sessions.css  (0ms)  (pid 959)
Compiled static_pages.css  (1ms)  (pid 959)
Compiled welcome.css  (2ms)  (pid 959)
Compiled application.css  (40ms)  (pid 959)
Compiled jquery.js  (4ms)  (pid 959)
Compiled jquery_ujs.js  (0ms)  (pid 959)
Compiled posts.js  (365ms)  (pid 959)
Compiled sessions.js  (308ms)  (pid 959)
Compiled static_pages.js  (330ms)  (pid 959)
Compiled welcome.js  (312ms)  (pid 959)
Compiled skrollr.js  (1ms)  (pid 959)
Compiled application.js  (1412ms)  (pid 959)
Completed 200 OK in 1727ms (Views: 1726.8ms | ActiveRecord: 0.0ms)


Started GET "/application.css" for 122.59.247.6 at 2013-09-23 12:22:43 +0000

ActionController::RoutingError (No route matches [GET] "/application.css"):
  actionpack (3.2.13) lib/action_dispatch/middleware/debug_exceptions.rb:21:in `call'
  actionpack (3.2.13) lib/action_dispatch/middleware/show_exceptions.rb:56:in `call'
  railties (3.2.13) lib/rails/rack/logger.rb:32:in `call_app'
  railties (3.2.13) lib/rails/rack/logger.rb:16:in `block in call'
  activesupport (3.2.13) lib/active_support/tagged_logging.rb:22:in `tagged'
  railties (3.2.13) lib/rails/rack/logger.rb:16:in `call'
  actionpack (3.2.13) lib/action_dispatch/middleware/request_id.rb:22:in `call'
  rack (1.4.5) lib/rack/methodoverride.rb:21:in `call'
  rack (1.4.5) lib/rack/runtime.rb:17:in `call'
  activesupport (3.2.13) lib/active_support/cache/strategy/local_cache.rb:72:in `call'
  rack (1.4.5) lib/rack/lock.rb:15:in `call'
  actionpack (3.2.13) lib/action_dispatch/middleware/static.rb:63:in `call'
  railties (3.2.13) lib/rails/engine.rb:479:in `call'
  railties (3.2.13) lib/rails/application.rb:223:in `call'
  rack (1.4.5) lib/rack/content_length.rb:14:in `call'
  railties (3.2.13) lib/rails/rack/log_tailer.rb:17:in `call'
  rack (1.4.5) lib/rack/handler/webrick.rb:59:in `service'
  /home/action/.rvm/rubies/ruby-2.0.0-p247/lib/ruby/2.0.0/webrick/httpserver.rb:138:in `service'
  /home/action/.rvm/rubies/ruby-2.0.0-p247/lib/ruby/2.0.0/webrick/httpserver.rb:94:in `run'
  /home/action/.rvm/rubies/ruby-2.0.0-p247/lib/ruby/2.0.0/webrick/server.rb:295:in `block in start_thread'


  Rendered /home/action/.rvm/gems/ruby-2.0.0-p247/gems/actionpack-3.2.13/lib/action_dispatch/middleware/templates/rescues/routing_error.erb within rescues/layout (0.9ms)


Started GET "/assets/application.css?body=1" for 122.59.247.6 at 2013-09-23 12:22:43 +0000
Served asset /application.css - 200 OK (11ms)


Started GET "/assets/posts.css?body=1" for 122.59.247.6 at 2013-09-23 12:22:44 +0000
Served asset /posts.css - 200 OK (2ms)


Started GET "/assets/sessions.css?body=1" for 122.59.247.6 at 2013-09-23 12:22:44 +0000
Served asset /sessions.css - 200 OK (3ms)


Started GET "/assets/static_pages.css?body=1" for 122.59.247.6 at 2013-09-23 12:22:44 +0000
Served asset /static_pages.css - 200 OK (9ms)


Started GET "/assets/welcome.css?body=1" for 122.59.247.6 at 2013-09-23 12:22:44 +0000
Served asset /welcome.css - 200 OK (1ms)


Started GET "/assets/jquery.js?body=1" for 122.59.247.6 at 2013-09-23 12:22:44 +0000
Served asset /jquery.js - 200 OK (3ms)


Started GET "/assets/jquery_ujs.js?body=1" for 122.59.247.6 at 2013-09-23 12:22:44 +0000
Served asset /jquery_ujs.js - 200 OK (2ms)


Started GET "/assets/posts.js?body=1" for 122.59.247.6 at 2013-09-23 12:22:44 +0000
Served asset /posts.js - 200 OK (9ms)


Started GET "/assets/sessions.js?body=1" for 122.59.247.6 at 2013-09-23 12:22:44 +0000
Served asset /sessions.js - 200 OK (1ms)


Started GET "/assets/static_pages.js?body=1" for 122.59.247.6 at 2013-09-23 12:22:45 +0000
Served asset /static_pages.js - 200 OK (1ms)


Started GET "/assets/welcome.js?body=1" for 122.59.247.6 at 2013-09-23 12:22:45 +0000
Served asset /welcome.js - 200 OK (1ms)


Started GET "/assets/skrollr.js?body=1" for 122.59.247.6 at 2013-09-23 12:22:45 +0000
Served asset /skrollr.js - 200 OK (63ms)


Started GET "/skrollr.min.js" for 122.59.247.6 at 2013-09-23 12:22:45 +0000

ActionController::RoutingError (No route matches [GET] "/skrollr.min.js"):
  actionpack (3.2.13) lib/action_dispatch/middleware/debug_exceptions.rb:21:in `call'
  actionpack (3.2.13) lib/action_dispatch/middleware/show_exceptions.rb:56:in `call'
  railties (3.2.13) lib/rails/rack/logger.rb:32:in `call_app'
  railties (3.2.13) lib/rails/rack/logger.rb:16:in `block in call'
  activesupport (3.2.13) lib/active_support/tagged_logging.rb:22:in `tagged'
  railties (3.2.13) lib/rails/rack/logger.rb:16:in `call'
  actionpack (3.2.13) lib/action_dispatch/middleware/request_id.rb:22:in `call'
  rack (1.4.5) lib/rack/methodoverride.rb:21:in `call'
  rack (1.4.5) lib/rack/runtime.rb:17:in `call'
  activesupport (3.2.13) lib/active_support/cache/strategy/local_cache.rb:72:in `call'
  rack (1.4.5) lib/rack/lock.rb:15:in `call'
  actionpack (3.2.13) lib/action_dispatch/middleware/static.rb:63:in `call'
  railties (3.2.13) lib/rails/engine.rb:479:in `call'
  railties (3.2.13) lib/rails/application.rb:223:in `call'
  rack (1.4.5) lib/rack/content_length.rb:14:in `call'
  railties (3.2.13) lib/rails/rack/log_tailer.rb:17:in `call'
  rack (1.4.5) lib/rack/handler/webrick.rb:59:in `service'
  /home/action/.rvm/rubies/ruby-2.0.0-p247/lib/ruby/2.0.0/webrick/httpserver.rb:138:in `service'
  /home/action/.rvm/rubies/ruby-2.0.0-p247/lib/ruby/2.0.0/webrick/httpserver.rb:94:in `run'
  /home/action/.rvm/rubies/ruby-2.0.0-p247/lib/ruby/2.0.0/webrick/server.rb:295:in `block in start_thread'


  Rendered /home/action/.rvm/gems/ruby-2.0.0-p247/gems/actionpack-3.2.13/lib/action_dispatch/middleware/templates/rescues/routing_error.erb within rescues/layout (0.6ms)


Started GET "/assets/application.js?body=1" for 122.59.247.6 at 2013-09-23 12:22:45 +0000
Served asset /application.js - 200 OK (20ms)


Started GET "/about" for 122.59.247.6 at 2013-09-23 12:22:48 +0000
Processing by StaticPagesController#about as HTML
  Rendered static_pages/about.html.erb within layouts/application (0.4ms)
Completed 200 OK in 49ms (Views: 48.4ms | ActiveRecord: 0.0ms)


Started GET "/application.css" for 122.59.247.6 at 2013-09-23 12:22:48 +0000

ActionController::RoutingError (No route matches [GET] "/application.css"):
  actionpack (3.2.13) lib/action_dispatch/middleware/debug_exceptions.rb:21:in `call'
  actionpack (3.2.13) lib/action_dispatch/middleware/show_exceptions.rb:56:in `call'
  railties (3.2.13) lib/rails/rack/logger.rb:32:in `call_app'
  railties (3.2.13) lib/rails/rack/logger.rb:16:in `block in call'
  activesupport (3.2.13) lib/active_support/tagged_logging.rb:22:in `tagged'
  railties (3.2.13) lib/rails/rack/logger.rb:16:in `call'
  actionpack (3.2.13) lib/action_dispatch/middleware/request_id.rb:22:in `call'
  rack (1.4.5) lib/rack/methodoverride.rb:21:in `call'
  rack (1.4.5) lib/rack/runtime.rb:17:in `call'
  activesupport (3.2.13) lib/active_support/cache/strategy/local_cache.rb:72:in `call'
  rack (1.4.5) lib/rack/lock.rb:15:in `call'
  actionpack (3.2.13) lib/action_dispatch/middleware/static.rb:63:in `call'
  railties (3.2.13) lib/rails/engine.rb:479:in `call'
  railties (3.2.13) lib/rails/application.rb:223:in `call'
  rack (1.4.5) lib/rack/content_length.rb:14:in `call'
  railties (3.2.13) lib/rails/rack/log_tailer.rb:17:in `call'
  rack (1.4.5) lib/rack/handler/webrick.rb:59:in `service'
  /home/action/.rvm/rubies/ruby-2.0.0-p247/lib/ruby/2.0.0/webrick/httpserver.rb:138:in `service'
  /home/action/.rvm/rubies/ruby-2.0.0-p247/lib/ruby/2.0.0/webrick/httpserver.rb:94:in `run'
  /home/action/.rvm/rubies/ruby-2.0.0-p247/lib/ruby/2.0.0/webrick/server.rb:295:in `block in start_thread'


  Rendered /home/action/.rvm/gems/ruby-2.0.0-p247/gems/actionpack-3.2.13/lib/action_dispatch/middleware/templates/rescues/routing_error.erb within rescues/layout (1.0ms)


Started GET "/assets/application.css?body=1" for 122.59.247.6 at 2013-09-23 12:22:48 +0000
Served asset /application.css - 304 Not Modified (6ms)


Started GET "/assets/posts.css?body=1" for 122.59.247.6 at 2013-09-23 12:22:48 +0000
Served asset /posts.css - 304 Not Modified (0ms)


Started GET "/assets/static_pages.css?body=1" for 122.59.247.6 at 2013-09-23 12:22:48 +0000
Served asset /static_pages.css - 304 Not Modified (0ms)


Started GET "/assets/welcome.css?body=1" for 122.59.247.6 at 2013-09-23 12:22:48 +0000
Served asset /welcome.css - 304 Not Modified (0ms)


Started GET "/assets/jquery.js?body=1" for 122.59.247.6 at 2013-09-23 12:22:48 +0000
Served asset /jquery.js - 304 Not Modified (0ms)


Started GET "/assets/jquery_ujs.js?body=1" for 122.59.247.6 at 2013-09-23 12:22:48 +0000
Served asset /jquery_ujs.js - 304 Not Modified (0ms)


Started GET "/assets/posts.js?body=1" for 122.59.247.6 at 2013-09-23 12:22:48 +0000
Served asset /posts.js - 304 Not Modified (0ms)


Started GET "/assets/sessions.js?body=1" for 122.59.247.6 at 2013-09-23 12:22:48 +0000
Served asset /sessions.js - 304 Not Modified (0ms)


Started GET "/assets/static_pages.js?body=1" for 122.59.247.6 at 2013-09-23 12:22:48 +0000
Served asset /static_pages.js - 304 Not Modified (0ms)


Started GET "/assets/welcome.js?body=1" for 122.59.247.6 at 2013-09-23 12:22:48 +0000
Served asset /welcome.js - 304 Not Modified (0ms)


Started GET "/assets/skrollr.js?body=1" for 122.59.247.6 at 2013-09-23 12:22:48 +0000
Served asset /skrollr.js - 304 Not Modified (0ms)


Started GET "/assets/application.js?body=1" for 122.59.247.6 at 2013-09-23 12:22:48 +0000
Served asset /application.js - 304 Not Modified (5ms)


Started GET "/assets/sessions.css?body=1" for 122.59.247.6 at 2013-09-23 12:22:50 +0000
Served asset /sessions.css - 304 Not Modified (0ms)


Started GET "/posts" for 122.59.247.6 at 2013-09-23 12:22:52 +0000
Processing by PostsController#index as HTML
  [1m[36mPost Load (0.1ms)[0m  [1mSELECT "posts".* FROM "posts" [0m
  Rendered posts/index.html.erb within layouts/application (1.1ms)
Completed 200 OK in 103ms (Views: 66.2ms | ActiveRecord: 10.9ms)


Started GET "/application.css" for 122.59.247.6 at 2013-09-23 12:22:52 +0000

ActionController::RoutingError (No route matches [GET] "/application.css"):
  actionpack (3.2.13) lib/action_dispatch/middleware/debug_exceptions.rb:21:in `call'
  actionpack (3.2.13) lib/action_dispatch/middleware/show_exceptions.rb:56:in `call'
  railties (3.2.13) lib/rails/rack/logger.rb:32:in `call_app'
  railties (3.2.13) lib/rails/rack/logger.rb:16:in `block in call'
  activesupport (3.2.13) lib/active_support/tagged_logging.rb:22:in `tagged'
  railties (3.2.13) lib/rails/rack/logger.rb:16:in `call'
  actionpack (3.2.13) lib/action_dispatch/middleware/request_id.rb:22:in `call'
  rack (1.4.5) lib/rack/methodoverride.rb:21:in `call'
  rack (1.4.5) lib/rack/runtime.rb:17:in `call'
  activesupport (3.2.13) lib/active_support/cache/strategy/local_cache.rb:72:in `call'
  rack (1.4.5) lib/rack/lock.rb:15:in `call'
  actionpack (3.2.13) lib/action_dispatch/middleware/static.rb:63:in `call'
  railties (3.2.13) lib/rails/engine.rb:479:in `call'
  railties (3.2.13) lib/rails/application.rb:223:in `call'
  rack (1.4.5) lib/rack/content_length.rb:14:in `call'
  railties (3.2.13) lib/rails/rack/log_tailer.rb:17:in `call'
  rack (1.4.5) lib/rack/handler/webrick.rb:59:in `service'
  /home/action/.rvm/rubies/ruby-2.0.0-p247/lib/ruby/2.0.0/webrick/httpserver.rb:138:in `service'
  /home/action/.rvm/rubies/ruby-2.0.0-p247/lib/ruby/2.0.0/webrick/httpserver.rb:94:in `run'
  /home/action/.rvm/rubies/ruby-2.0.0-p247/lib/ruby/2.0.0/webrick/server.rb:295:in `block in start_thread'


  Rendered /home/action/.rvm/gems/ruby-2.0.0-p247/gems/actionpack-3.2.13/lib/action_dispatch/middleware/templates/rescues/routing_error.erb within rescues/layout (0.7ms)


Started GET "/assets/application.css?body=1" for 122.59.247.6 at 2013-09-23 12:22:52 +0000
Served asset /application.css - 304 Not Modified (1ms)


Started GET "/assets/static_pages.css?body=1" for 122.59.247.6 at 2013-09-23 12:22:52 +0000
Served asset /static_pages.css - 304 Not Modified (0ms)


Started GET "/assets/sessions.css?body=1" for 122.59.247.6 at 2013-09-23 12:22:52 +0000
Served asset /sessions.css - 304 Not Modified (2ms)


Started GET "/assets/posts.css?body=1" for 122.59.247.6 at 2013-09-23 12:22:52 +0000
Served asset /posts.css - 304 Not Modified (0ms)


Started GET "/assets/welcome.css?body=1" for 122.59.247.6 at 2013-09-23 12:22:52 +0000
Served asset /welcome.css - 304 Not Modified (6ms)


Started GET "/assets/jquery.js?body=1" for 122.59.247.6 at 2013-09-23 12:22:52 +0000
Served asset /jquery.js - 304 Not Modified (0ms)


Started GET "/assets/jquery_ujs.js?body=1" for 122.59.247.6 at 2013-09-23 12:22:52 +0000
Served asset /jquery_ujs.js - 304 Not Modified (0ms)


Started GET "/assets/posts.js?body=1" for 122.59.247.6 at 2013-09-23 12:22:52 +0000
Served asset /posts.js - 304 Not Modified (0ms)


Started GET "/assets/sessions.js?body=1" for 122.59.247.6 at 2013-09-23 12:22:52 +0000
Served asset /sessions.js - 304 Not Modified (0ms)


Started GET "/assets/static_pages.js?body=1" for 122.59.247.6 at 2013-09-23 12:22:52 +0000
Served asset /static_pages.js - 304 Not Modified (0ms)


Started GET "/assets/welcome.js?body=1" for 122.59.247.6 at 2013-09-23 12:22:52 +0000
Served asset /welcome.js - 304 Not Modified (0ms)


Started GET "/assets/skrollr.js?body=1" for 122.59.247.6 at 2013-09-23 12:22:52 +0000
Served asset /skrollr.js - 304 Not Modified (0ms)


Started GET "/assets/application.js?body=1" for 122.59.247.6 at 2013-09-23 12:22:52 +0000
Served asset /application.js - 304 Not Modified (62ms)


Started GET "/posts/new" for 122.59.247.6 at 2013-09-23 12:22:53 +0000
Processing by PostsController#new as HTML
  Rendered posts/new.html.erb within layouts/application (16.4ms)
Completed 200 OK in 77ms (Views: 64.0ms | ActiveRecord: 0.0ms)


Started GET "/posts/application.css" for 122.59.247.6 at 2013-09-23 12:22:53 +0000
Processing by PostsController#show as CSS
  Parameters: {"id"=>"application"}
  [1m[35mPost Load (0.3ms)[0m  SELECT "posts".* FROM "posts" WHERE "posts"."id" = ? LIMIT 1  [["id", "application"]]
Completed 404 Not Found in 6ms

ActiveRecord::RecordNotFound (Couldn't find Post with id=application):
  app/controllers/posts_controller.rb:19:in `show'


  Rendered /home/action/.rvm/gems/ruby-2.0.0-p247/gems/actionpack-3.2.13/lib/action_dispatch/middleware/templates/rescues/_trace.erb (1.6ms)
  Rendered /home/action/.rvm/gems/ruby-2.0.0-p247/gems/actionpack-3.2.13/lib/action_dispatch/middleware/templates/rescues/_request_and_response.erb (1.1ms)
  Rendered /home/action/.rvm/gems/ruby-2.0.0-p247/gems/actionpack-3.2.13/lib/action_dispatch/middleware/templates/rescues/diagnostics.erb within rescues/layout (27.8ms)


Started GET "/assets/application.css?body=1" for 122.59.247.6 at 2013-09-23 12:22:53 +0000
Served asset /application.css - 304 Not Modified (0ms)


Started GET "/assets/posts.css?body=1" for 122.59.247.6 at 2013-09-23 12:22:53 +0000
Served asset /posts.css - 304 Not Modified (0ms)


Started GET "/assets/static_pages.css?body=1" for 122.59.247.6 at 2013-09-23 12:22:53 +0000
Served asset /static_pages.css - 304 Not Modified (0ms)


Started GET "/assets/welcome.css?body=1" for 122.59.247.6 at 2013-09-23 12:22:53 +0000
Served asset /welcome.css - 304 Not Modified (0ms)


Started GET "/assets/sessions.css?body=1" for 122.59.247.6 at 2013-09-23 12:22:53 +0000
Served asset /sessions.css - 304 Not Modified (0ms)


Started GET "/assets/jquery.js?body=1" for 122.59.247.6 at 2013-09-23 12:22:54 +0000
Served asset /jquery.js - 304 Not Modified (8ms)


Started GET "/assets/posts.js?body=1" for 122.59.247.6 at 2013-09-23 12:22:54 +0000
Served asset /posts.js - 304 Not Modified (0ms)


Started GET "/assets/jquery_ujs.js?body=1" for 122.59.247.6 at 2013-09-23 12:22:54 +0000
Served asset /jquery_ujs.js - 304 Not Modified (0ms)


Started GET "/assets/sessions.js?body=1" for 122.59.247.6 at 2013-09-23 12:22:54 +0000
Served asset /sessions.js - 304 Not Modified (0ms)


Started GET "/assets/static_pages.js?body=1" for 122.59.247.6 at 2013-09-23 12:22:54 +0000
Served asset /static_pages.js - 304 Not Modified (0ms)


Started GET "/assets/welcome.js?body=1" for 122.59.247.6 at 2013-09-23 12:22:54 +0000
Served asset /welcome.js - 304 Not Modified (0ms)


Started GET "/assets/skrollr.js?body=1" for 122.59.247.6 at 2013-09-23 12:22:54 +0000
Served asset /skrollr.js - 304 Not Modified (0ms)


Started GET "/assets/application.js?body=1" for 122.59.247.6 at 2013-09-23 12:22:54 +0000
Served asset /application.js - 304 Not Modified (2ms)


Started POST "/posts" for 122.59.247.6 at 2013-09-23 12:22:56 +0000
Processing by PostsController#create as HTML
  Parameters: {"utf8"=>"✓", "authenticity_token"=>"cnUk3MhymGXkSkn6oY4z4hUO23aaIeec7LwUDJdhrRY=", "post"=>{"title"=>"fgdfgdsfg", "text"=>"dgdfsgfdgsdfg"}, "commit"=>"Save Post"}
  [1m[36m (0.1ms)[0m  [1mbegin transaction[0m
  [1m[35mSQL (10.5ms)[0m  INSERT INTO "posts" ("created_at", "text", "title", "updated_at") VALUES (?, ?, ?, ?)  [["created_at", Mon, 23 Sep 2013 12:22:56 UTC +00:00], ["text", "dgdfsgfdgsdfg"], ["title", "fgdfgdsfg"], ["updated_at", Mon, 23 Sep 2013 12:22:56 UTC +00:00]]
  [1m[36m (20.5ms)[0m  [1mcommit transaction[0m
Redirected to http://interfaces-33516.apse2.actionbox.io:3000/posts/1
Completed 302 Found in 43ms (ActiveRecord: 31.2ms)


Started GET "/posts/1" for 122.59.247.6 at 2013-09-23 12:22:56 +0000
Processing by PostsController#show as HTML
  Parameters: {"id"=>"1"}
  [1m[35mPost Load (0.1ms)[0m  SELECT "posts".* FROM "posts" WHERE "posts"."id" = ? LIMIT 1  [["id", "1"]]
  Rendered posts/show.html.erb within layouts/application (1.0ms)
Completed 200 OK in 46ms (Views: 40.4ms | ActiveRecord: 0.1ms)


Started GET "/posts/application.css" for 122.59.247.6 at 2013-09-23 12:22:57 +0000
Processing by PostsController#show as CSS
  Parameters: {"id"=>"application"}
  [1m[36mPost Load (0.1ms)[0m  [1mSELECT "posts".* FROM "posts" WHERE "posts"."id" = ? LIMIT 1[0m  [["id", "application"]]
Completed 404 Not Found in 1ms

ActiveRecord::RecordNotFound (Couldn't find Post with id=application):
  app/controllers/posts_controller.rb:19:in `show'


  Rendered /home/action/.rvm/gems/ruby-2.0.0-p247/gems/actionpack-3.2.13/lib/action_dispatch/middleware/templates/rescues/_trace.erb (1.5ms)
  Rendered /home/action/.rvm/gems/ruby-2.0.0-p247/gems/actionpack-3.2.13/lib/action_dispatch/middleware/templates/rescues/_request_and_response.erb (1.2ms)
  Rendered /home/action/.rvm/gems/ruby-2.0.0-p247/gems/actionpack-3.2.13/lib/action_dispatch/middleware/templates/rescues/diagnostics.erb within rescues/layout (31.1ms)


Started GET "/assets/application.css?body=1" for 122.59.247.6 at 2013-09-23 12:22:57 +0000
Served asset /application.css - 304 Not Modified (0ms)


Started GET "/assets/posts.css?body=1" for 122.59.247.6 at 2013-09-23 12:22:57 +0000
Served asset /posts.css - 304 Not Modified (0ms)


Started GET "/assets/sessions.css?body=1" for 122.59.247.6 at 2013-09-23 12:22:57 +0000
Served asset /sessions.css - 304 Not Modified (0ms)


Started GET "/assets/static_pages.css?body=1" for 122.59.247.6 at 2013-09-23 12:22:57 +0000
Served asset /static_pages.css - 304 Not Modified (0ms)


Started GET "/assets/welcome.css?body=1" for 122.59.247.6 at 2013-09-23 12:22:57 +0000
Served asset /welcome.css - 304 Not Modified (0ms)


Started GET "/assets/jquery.js?body=1" for 122.59.247.6 at 2013-09-23 12:22:57 +0000
Served asset /jquery.js - 304 Not Modified (0ms)


Started GET "/assets/jquery_ujs.js?body=1" for 122.59.247.6 at 2013-09-23 12:22:57 +0000
Served asset /jquery_ujs.js - 304 Not Modified (0ms)


Started GET "/assets/posts.js?body=1" for 122.59.247.6 at 2013-09-23 12:22:57 +0000
Served asset /posts.js - 304 Not Modified (2ms)


Started GET "/assets/sessions.js?body=1" for 122.59.247.6 at 2013-09-23 12:22:57 +0000
Served asset /sessions.js - 304 Not Modified (0ms)


Started GET "/assets/static_pages.js?body=1" for 122.59.247.6 at 2013-09-23 12:22:57 +0000
Served asset /static_pages.js - 304 Not Modified (0ms)


Started GET "/assets/welcome.js?body=1" for 122.59.247.6 at 2013-09-23 12:22:57 +0000
Served asset /welcome.js - 304 Not Modified (0ms)


Started GET "/assets/skrollr.js?body=1" for 122.59.247.6 at 2013-09-23 12:22:57 +0000
Served asset /skrollr.js - 304 Not Modified (0ms)


Started GET "/assets/application.js?body=1" for 122.59.247.6 at 2013-09-23 12:22:57 +0000
Served asset /application.js - 304 Not Modified (2ms)


Started GET "/posts" for 122.59.247.6 at 2013-09-23 12:22:58 +0000
Processing by PostsController#index as HTML
  [1m[35mPost Load (0.2ms)[0m  SELECT "posts".* FROM "posts" 
  Rendered posts/index.html.erb within layouts/application (1.2ms)
Completed 200 OK in 41ms (Views: 40.0ms | ActiveRecord: 0.2ms)


Started GET "/application.css" for 122.59.247.6 at 2013-09-23 12:22:58 +0000

ActionController::RoutingError (No route matches [GET] "/application.css"):
  actionpack (3.2.13) lib/action_dispatch/middleware/debug_exceptions.rb:21:in `call'
  actionpack (3.2.13) lib/action_dispatch/middleware/show_exceptions.rb:56:in `call'
  railties (3.2.13) lib/rails/rack/logger.rb:32:in `call_app'
  railties (3.2.13) lib/rails/rack/logger.rb:16:in `block in call'
  activesupport (3.2.13) lib/active_support/tagged_logging.rb:22:in `tagged'
  railties (3.2.13) lib/rails/rack/logger.rb:16:in `call'
  actionpack (3.2.13) lib/action_dispatch/middleware/request_id.rb:22:in `call'
  rack (1.4.5) lib/rack/methodoverride.rb:21:in `call'
  rack (1.4.5) lib/rack/runtime.rb:17:in `call'
  activesupport (3.2.13) lib/active_support/cache/strategy/local_cache.rb:72:in `call'
  rack (1.4.5) lib/rack/lock.rb:15:in `call'
  actionpack (3.2.13) lib/action_dispatch/middleware/static.rb:63:in `call'
  railties (3.2.13) lib/rails/engine.rb:479:in `call'
  railties (3.2.13) lib/rails/application.rb:223:in `call'
  rack (1.4.5) lib/rack/content_length.rb:14:in `call'
  railties (3.2.13) lib/rails/rack/log_tailer.rb:17:in `call'
  rack (1.4.5) lib/rack/handler/webrick.rb:59:in `service'
  /home/action/.rvm/rubies/ruby-2.0.0-p247/lib/ruby/2.0.0/webrick/httpserver.rb:138:in `service'
  /home/action/.rvm/rubies/ruby-2.0.0-p247/lib/ruby/2.0.0/webrick/httpserver.rb:94:in `run'
  /home/action/.rvm/rubies/ruby-2.0.0-p247/lib/ruby/2.0.0/webrick/server.rb:295:in `block in start_thread'


  Rendered /home/action/.rvm/gems/ruby-2.0.0-p247/gems/actionpack-3.2.13/lib/action_dispatch/middleware/templates/rescues/routing_error.erb within rescues/layout (0.8ms)


Started GET "/assets/application.css?body=1" for 122.59.247.6 at 2013-09-23 12:22:58 +0000
Served asset /application.css - 304 Not Modified (6ms)


Started GET "/assets/posts.css?body=1" for 122.59.247.6 at 2013-09-23 12:22:58 +0000
Served asset /posts.css - 304 Not Modified (0ms)


Started GET "/assets/static_pages.css?body=1" for 122.59.247.6 at 2013-09-23 12:22:58 +0000
Served asset /static_pages.css - 304 Not Modified (0ms)


Started GET "/assets/sessions.css?body=1" for 122.59.247.6 at 2013-09-23 12:22:58 +0000
Served asset /sessions.css - 304 Not Modified (0ms)


Started GET "/assets/welcome.css?body=1" for 122.59.247.6 at 2013-09-23 12:22:58 +0000
Served asset /welcome.css - 304 Not Modified (0ms)


Started GET "/assets/jquery.js?body=1" for 122.59.247.6 at 2013-09-23 12:22:58 +0000
Served asset /jquery.js - 304 Not Modified (68ms)


Started GET "/assets/jquery_ujs.js?body=1" for 122.59.247.6 at 2013-09-23 12:22:58 +0000
Served asset /jquery_ujs.js - 304 Not Modified (0ms)


Started GET "/assets/sessions.js?body=1" for 122.59.247.6 at 2013-09-23 12:22:58 +0000
Served asset /sessions.js - 304 Not Modified (0ms)


Started GET "/assets/posts.js?body=1" for 122.59.247.6 at 2013-09-23 12:22:58 +0000
Served asset /posts.js - 304 Not Modified (0ms)


Started GET "/assets/static_pages.js?body=1" for 122.59.247.6 at 2013-09-23 12:22:58 +0000
Served asset /static_pages.js - 304 Not Modified (0ms)


Started GET "/assets/welcome.js?body=1" for 122.59.247.6 at 2013-09-23 12:22:58 +0000
Served asset /welcome.js - 304 Not Modified (0ms)


Started GET "/assets/skrollr.js?body=1" for 122.59.247.6 at 2013-09-23 12:22:58 +0000
Served asset /skrollr.js - 304 Not Modified (0ms)


Started GET "/assets/application.js?body=1" for 122.59.247.6 at 2013-09-23 12:22:58 +0000
Served asset /application.js - 304 Not Modified (2ms)
Connecting to database specified by database.yml


Started GET "/" for 122.59.247.6 at 2013-09-23 13:05:29 +0000
Processing by WelcomeController#index as HTML
  Rendered welcome/index.html.erb within layouts/application (3.0ms)
Completed 200 OK in 133ms (Views: 132.3ms | ActiveRecord: 0.0ms)


Started GET "/application.css" for 122.59.247.6 at 2013-09-23 13:05:30 +0000

ActionController::RoutingError (No route matches [GET] "/application.css"):
  actionpack (3.2.13) lib/action_dispatch/middleware/debug_exceptions.rb:21:in `call'
  actionpack (3.2.13) lib/action_dispatch/middleware/show_exceptions.rb:56:in `call'
  railties (3.2.13) lib/rails/rack/logger.rb:32:in `call_app'
  railties (3.2.13) lib/rails/rack/logger.rb:16:in `block in call'
  activesupport (3.2.13) lib/active_support/tagged_logging.rb:22:in `tagged'
  railties (3.2.13) lib/rails/rack/logger.rb:16:in `call'
  actionpack (3.2.13) lib/action_dispatch/middleware/request_id.rb:22:in `call'
  rack (1.4.5) lib/rack/methodoverride.rb:21:in `call'
  rack (1.4.5) lib/rack/runtime.rb:17:in `call'
  activesupport (3.2.13) lib/active_support/cache/strategy/local_cache.rb:72:in `call'
  rack (1.4.5) lib/rack/lock.rb:15:in `call'
  actionpack (3.2.13) lib/action_dispatch/middleware/static.rb:63:in `call'
  railties (3.2.13) lib/rails/engine.rb:479:in `call'
  railties (3.2.13) lib/rails/application.rb:223:in `call'
  rack (1.4.5) lib/rack/content_length.rb:14:in `call'
  railties (3.2.13) lib/rails/rack/log_tailer.rb:17:in `call'
  rack (1.4.5) lib/rack/handler/webrick.rb:59:in `service'
  /home/action/.rvm/rubies/ruby-2.0.0-p247/lib/ruby/2.0.0/webrick/httpserver.rb:138:in `service'
  /home/action/.rvm/rubies/ruby-2.0.0-p247/lib/ruby/2.0.0/webrick/httpserver.rb:94:in `run'
  /home/action/.rvm/rubies/ruby-2.0.0-p247/lib/ruby/2.0.0/webrick/server.rb:295:in `block in start_thread'


  Rendered /home/action/.rvm/gems/ruby-2.0.0-p247/gems/actionpack-3.2.13/lib/action_dispatch/middleware/templates/rescues/routing_error.erb within rescues/layout (0.7ms)


Started GET "/assets/application.css?body=1" for 122.59.247.6 at 2013-09-23 13:05:30 +0000
Served asset /application.css - 304 Not Modified (10ms)


Started GET "/assets/posts.css?body=1" for 122.59.247.6 at 2013-09-23 13:05:30 +0000
Served asset /posts.css - 304 Not Modified (3ms)


Started GET "/assets/static_pages.css?body=1" for 122.59.247.6 at 2013-09-23 13:05:30 +0000
Served asset /static_pages.css - 304 Not Modified (8ms)


Started GET "/assets/sessions.css?body=1" for 122.59.247.6 at 2013-09-23 13:05:30 +0000
Served asset /sessions.css - 304 Not Modified (4ms)


Started GET "/assets/welcome.css?body=1" for 122.59.247.6 at 2013-09-23 13:05:30 +0000
Served asset /welcome.css - 304 Not Modified (2ms)


Started GET "/assets/jquery_ujs.js?body=1" for 122.59.247.6 at 2013-09-23 13:05:30 +0000
Served asset /jquery_ujs.js - 304 Not Modified (11ms)


Started GET "/assets/jquery.js?body=1" for 122.59.247.6 at 2013-09-23 13:05:30 +0000
Served asset /jquery.js - 304 Not Modified (3ms)


Started GET "/assets/posts.js?body=1" for 122.59.247.6 at 2013-09-23 13:05:30 +0000
Served asset /posts.js - 304 Not Modified (5ms)


Started GET "/assets/sessions.js?body=1" for 122.59.247.6 at 2013-09-23 13:05:30 +0000
Served asset /sessions.js - 304 Not Modified (6ms)


Started GET "/assets/welcome.js?body=1" for 122.59.247.6 at 2013-09-23 13:05:30 +0000
Served asset /welcome.js - 304 Not Modified (8ms)


Started GET "/assets/static_pages.js?body=1" for 122.59.247.6 at 2013-09-23 13:05:30 +0000
Served asset /static_pages.js - 304 Not Modified (1ms)


Started GET "/assets/skrollr.js?body=1" for 122.59.247.6 at 2013-09-23 13:05:30 +0000
Served asset /skrollr.js - 304 Not Modified (7ms)


Started GET "/assets/application.js?body=1" for 122.59.247.6 at 2013-09-23 13:05:30 +0000
Served asset /application.js - 304 Not Modified (77ms)


Started GET "/skrollr.min.js" for 122.59.247.6 at 2013-09-23 13:05:30 +0000

ActionController::RoutingError (No route matches [GET] "/skrollr.min.js"):
  actionpack (3.2.13) lib/action_dispatch/middleware/debug_exceptions.rb:21:in `call'
  actionpack (3.2.13) lib/action_dispatch/middleware/show_exceptions.rb:56:in `call'
  railties (3.2.13) lib/rails/rack/logger.rb:32:in `call_app'
  railties (3.2.13) lib/rails/rack/logger.rb:16:in `block in call'
  activesupport (3.2.13) lib/active_support/tagged_logging.rb:22:in `tagged'
  railties (3.2.13) lib/rails/rack/logger.rb:16:in `call'
  actionpack (3.2.13) lib/action_dispatch/middleware/request_id.rb:22:in `call'
  rack (1.4.5) lib/rack/methodoverride.rb:21:in `call'
  rack (1.4.5) lib/rack/runtime.rb:17:in `call'
  activesupport (3.2.13) lib/active_support/cache/strategy/local_cache.rb:72:in `call'
  rack (1.4.5) lib/rack/lock.rb:15:in `call'
  actionpack (3.2.13) lib/action_dispatch/middleware/static.rb:63:in `call'
  railties (3.2.13) lib/rails/engine.rb:479:in `call'
  railties (3.2.13) lib/rails/application.rb:223:in `call'
  rack (1.4.5) lib/rack/content_length.rb:14:in `call'
  railties (3.2.13) lib/rails/rack/log_tailer.rb:17:in `call'
  rack (1.4.5) lib/rack/handler/webrick.rb:59:in `service'
  /home/action/.rvm/rubies/ruby-2.0.0-p247/lib/ruby/2.0.0/webrick/httpserver.rb:138:in `service'
  /home/action/.rvm/rubies/ruby-2.0.0-p247/lib/ruby/2.0.0/webrick/httpserver.rb:94:in `run'
  /home/action/.rvm/rubies/ruby-2.0.0-p247/lib/ruby/2.0.0/webrick/server.rb:295:in `block in start_thread'


  Rendered /home/action/.rvm/gems/ruby-2.0.0-p247/gems/actionpack-3.2.13/lib/action_dispatch/middleware/templates/rescues/routing_error.erb within rescues/layout (0.6ms)


Started GET "/theory" for 122.59.247.6 at 2013-09-23 13:05:31 +0000
Processing by StaticPagesController#theory as HTML
  Rendered static_pages/theory.html.erb within layouts/application (0.4ms)
Completed 200 OK in 49ms (Views: 48.6ms | ActiveRecord: 0.0ms)


Started GET "/application.css" for 122.59.247.6 at 2013-09-23 13:05:32 +0000

ActionController::RoutingError (No route matches [GET] "/application.css"):
  actionpack (3.2.13) lib/action_dispatch/middleware/debug_exceptions.rb:21:in `call'
  actionpack (3.2.13) lib/action_dispatch/middleware/show_exceptions.rb:56:in `call'
  railties (3.2.13) lib/rails/rack/logger.rb:32:in `call_app'
  railties (3.2.13) lib/rails/rack/logger.rb:16:in `block in call'
  activesupport (3.2.13) lib/active_support/tagged_logging.rb:22:in `tagged'
  railties (3.2.13) lib/rails/rack/logger.rb:16:in `call'
  actionpack (3.2.13) lib/action_dispatch/middleware/request_id.rb:22:in `call'
  rack (1.4.5) lib/rack/methodoverride.rb:21:in `call'
  rack (1.4.5) lib/rack/runtime.rb:17:in `call'
  activesupport (3.2.13) lib/active_support/cache/strategy/local_cache.rb:72:in `call'
  rack (1.4.5) lib/rack/lock.rb:15:in `call'
  actionpack (3.2.13) lib/action_dispatch/middleware/static.rb:63:in `call'
  railties (3.2.13) lib/rails/engine.rb:479:in `call'
  railties (3.2.13) lib/rails/application.rb:223:in `call'
  rack (1.4.5) lib/rack/content_length.rb:14:in `call'
  railties (3.2.13) lib/rails/rack/log_tailer.rb:17:in `call'
  rack (1.4.5) lib/rack/handler/webrick.rb:59:in `service'
  /home/action/.rvm/rubies/ruby-2.0.0-p247/lib/ruby/2.0.0/webrick/httpserver.rb:138:in `service'
  /home/action/.rvm/rubies/ruby-2.0.0-p247/lib/ruby/2.0.0/webrick/httpserver.rb:94:in `run'
  /home/action/.rvm/rubies/ruby-2.0.0-p247/lib/ruby/2.0.0/webrick/server.rb:295:in `block in start_thread'


  Rendered /home/action/.rvm/gems/ruby-2.0.0-p247/gems/actionpack-3.2.13/lib/action_dispatch/middleware/templates/rescues/routing_error.erb within rescues/layout (0.8ms)


Started GET "/assets/sessions.css?body=1" for 122.59.247.6 at 2013-09-23 13:05:32 +0000
Served asset /sessions.css - 304 Not Modified (1ms)


Started GET "/assets/application.css?body=1" for 122.59.247.6 at 2013-09-23 13:05:32 +0000
Served asset /application.css - 304 Not Modified (0ms)


Started GET "/assets/posts.css?body=1" for 122.59.247.6 at 2013-09-23 13:05:32 +0000
Served asset /posts.css - 304 Not Modified (0ms)


Started GET "/assets/static_pages.css?body=1" for 122.59.247.6 at 2013-09-23 13:05:32 +0000
Served asset /static_pages.css - 304 Not Modified (0ms)


Started GET "/assets/welcome.css?body=1" for 122.59.247.6 at 2013-09-23 13:05:32 +0000
Served asset /welcome.css - 304 Not Modified (0ms)


Started GET "/assets/jquery.js?body=1" for 122.59.247.6 at 2013-09-23 13:05:32 +0000
Served asset /jquery.js - 304 Not Modified (0ms)


Started GET "/assets/jquery_ujs.js?body=1" for 122.59.247.6 at 2013-09-23 13:05:32 +0000
Served asset /jquery_ujs.js - 304 Not Modified (0ms)


Started GET "/assets/posts.js?body=1" for 122.59.247.6 at 2013-09-23 13:05:32 +0000
Served asset /posts.js - 304 Not Modified (0ms)


Started GET "/assets/sessions.js?body=1" for 122.59.247.6 at 2013-09-23 13:05:32 +0000
Served asset /sessions.js - 304 Not Modified (0ms)


Started GET "/assets/static_pages.js?body=1" for 122.59.247.6 at 2013-09-23 13:05:32 +0000
Served asset /static_pages.js - 304 Not Modified (0ms)


Started GET "/assets/welcome.js?body=1" for 122.59.247.6 at 2013-09-23 13:05:32 +0000
Served asset /welcome.js - 304 Not Modified (0ms)


Started GET "/assets/skrollr.js?body=1" for 122.59.247.6 at 2013-09-23 13:05:32 +0000
Served asset /skrollr.js - 304 Not Modified (0ms)


Started GET "/assets/application.js?body=1" for 122.59.247.6 at 2013-09-23 13:05:32 +0000
Served asset /application.js - 304 Not Modified (2ms)


Started GET "/about" for 122.59.247.6 at 2013-09-23 13:05:33 +0000
Processing by StaticPagesController#about as HTML
  Rendered static_pages/about.html.erb within layouts/application (0.4ms)
Completed 200 OK in 101ms (Views: 100.2ms | ActiveRecord: 0.0ms)


Started GET "/application.css" for 122.59.247.6 at 2013-09-23 13:05:34 +0000

ActionController::RoutingError (No route matches [GET] "/application.css"):
  actionpack (3.2.13) lib/action_dispatch/middleware/debug_exceptions.rb:21:in `call'
  actionpack (3.2.13) lib/action_dispatch/middleware/show_exceptions.rb:56:in `call'
  railties (3.2.13) lib/rails/rack/logger.rb:32:in `call_app'
  railties (3.2.13) lib/rails/rack/logger.rb:16:in `block in call'
  activesupport (3.2.13) lib/active_support/tagged_logging.rb:22:in `tagged'
  railties (3.2.13) lib/rails/rack/logger.rb:16:in `call'
  actionpack (3.2.13) lib/action_dispatch/middleware/request_id.rb:22:in `call'
  rack (1.4.5) lib/rack/methodoverride.rb:21:in `call'
  rack (1.4.5) lib/rack/runtime.rb:17:in `call'
  activesupport (3.2.13) lib/active_support/cache/strategy/local_cache.rb:72:in `call'
  rack (1.4.5) lib/rack/lock.rb:15:in `call'
  actionpack (3.2.13) lib/action_dispatch/middleware/static.rb:63:in `call'
  railties (3.2.13) lib/rails/engine.rb:479:in `call'
  railties (3.2.13) lib/rails/application.rb:223:in `call'
  rack (1.4.5) lib/rack/content_length.rb:14:in `call'
  railties (3.2.13) lib/rails/rack/log_tailer.rb:17:in `call'
  rack (1.4.5) lib/rack/handler/webrick.rb:59:in `service'
  /home/action/.rvm/rubies/ruby-2.0.0-p247/lib/ruby/2.0.0/webrick/httpserver.rb:138:in `service'
  /home/action/.rvm/rubies/ruby-2.0.0-p247/lib/ruby/2.0.0/webrick/httpserver.rb:94:in `run'
  /home/action/.rvm/rubies/ruby-2.0.0-p247/lib/ruby/2.0.0/webrick/server.rb:295:in `block in start_thread'


  Rendered /home/action/.rvm/gems/ruby-2.0.0-p247/gems/actionpack-3.2.13/lib/action_dispatch/middleware/templates/rescues/routing_error.erb within rescues/layout (0.7ms)


Started GET "/assets/posts.css?body=1" for 122.59.247.6 at 2013-09-23 13:05:34 +0000
Served asset /posts.css - 304 Not Modified (0ms)


Started GET "/assets/application.css?body=1" for 122.59.247.6 at 2013-09-23 13:05:34 +0000
Served asset /application.css - 304 Not Modified (2ms)


Started GET "/assets/sessions.css?body=1" for 122.59.247.6 at 2013-09-23 13:05:34 +0000
Served asset /sessions.css - 304 Not Modified (0ms)


Started GET "/assets/static_pages.css?body=1" for 122.59.247.6 at 2013-09-23 13:05:34 +0000
Served asset /static_pages.css - 304 Not Modified (0ms)


Started GET "/assets/welcome.css?body=1" for 122.59.247.6 at 2013-09-23 13:05:34 +0000
Served asset /welcome.css - 304 Not Modified (0ms)


Started GET "/assets/jquery.js?body=1" for 122.59.247.6 at 2013-09-23 13:05:34 +0000
Served asset /jquery.js - 304 Not Modified (0ms)


Started GET "/assets/jquery_ujs.js?body=1" for 122.59.247.6 at 2013-09-23 13:05:34 +0000
Served asset /jquery_ujs.js - 304 Not Modified (0ms)


Started GET "/assets/posts.js?body=1" for 122.59.247.6 at 2013-09-23 13:05:34 +0000
Served asset /posts.js - 304 Not Modified (0ms)


Started GET "/assets/sessions.js?body=1" for 122.59.247.6 at 2013-09-23 13:05:34 +0000
Served asset /sessions.js - 304 Not Modified (6ms)


Started GET "/assets/static_pages.js?body=1" for 122.59.247.6 at 2013-09-23 13:05:34 +0000
Served asset /static_pages.js - 304 Not Modified (0ms)


Started GET "/assets/welcome.js?body=1" for 122.59.247.6 at 2013-09-23 13:05:34 +0000
Served asset /welcome.js - 304 Not Modified (0ms)


Started GET "/assets/skrollr.js?body=1" for 122.59.247.6 at 2013-09-23 13:05:34 +0000
Served asset /skrollr.js - 304 Not Modified (0ms)


Started GET "/assets/application.js?body=1" for 122.59.247.6 at 2013-09-23 13:05:34 +0000
Served asset /application.js - 304 Not Modified (2ms)


Started GET "/about" for 122.59.247.6 at 2013-09-23 13:05:35 +0000
Processing by StaticPagesController#about as HTML
  Rendered static_pages/about.html.erb within layouts/application (0.0ms)
Completed 200 OK in 41ms (Views: 40.8ms | ActiveRecord: 0.0ms)


Started GET "/application.css" for 122.59.247.6 at 2013-09-23 13:05:35 +0000

ActionController::RoutingError (No route matches [GET] "/application.css"):
  actionpack (3.2.13) lib/action_dispatch/middleware/debug_exceptions.rb:21:in `call'
  actionpack (3.2.13) lib/action_dispatch/middleware/show_exceptions.rb:56:in `call'
  railties (3.2.13) lib/rails/rack/logger.rb:32:in `call_app'
  railties (3.2.13) lib/rails/rack/logger.rb:16:in `block in call'
  activesupport (3.2.13) lib/active_support/tagged_logging.rb:22:in `tagged'
  railties (3.2.13) lib/rails/rack/logger.rb:16:in `call'
  actionpack (3.2.13) lib/action_dispatch/middleware/request_id.rb:22:in `call'
  rack (1.4.5) lib/rack/methodoverride.rb:21:in `call'
  rack (1.4.5) lib/rack/runtime.rb:17:in `call'
  activesupport (3.2.13) lib/active_support/cache/strategy/local_cache.rb:72:in `call'
  rack (1.4.5) lib/rack/lock.rb:15:in `call'
  actionpack (3.2.13) lib/action_dispatch/middleware/static.rb:63:in `call'
  railties (3.2.13) lib/rails/engine.rb:479:in `call'
  railties (3.2.13) lib/rails/application.rb:223:in `call'
  rack (1.4.5) lib/rack/content_length.rb:14:in `call'
  railties (3.2.13) lib/rails/rack/log_tailer.rb:17:in `call'
  rack (1.4.5) lib/rack/handler/webrick.rb:59:in `service'
  /home/action/.rvm/rubies/ruby-2.0.0-p247/lib/ruby/2.0.0/webrick/httpserver.rb:138:in `service'
  /home/action/.rvm/rubies/ruby-2.0.0-p247/lib/ruby/2.0.0/webrick/httpserver.rb:94:in `run'
  /home/action/.rvm/rubies/ruby-2.0.0-p247/lib/ruby/2.0.0/webrick/server.rb:295:in `block in start_thread'


  Rendered /home/action/.rvm/gems/ruby-2.0.0-p247/gems/actionpack-3.2.13/lib/action_dispatch/middleware/templates/rescues/routing_error.erb within rescues/layout (0.7ms)


Started GET "/assets/application.css?body=1" for 122.59.247.6 at 2013-09-23 13:05:35 +0000
Served asset /application.css - 304 Not Modified (10ms)


Started GET "/assets/sessions.css?body=1" for 122.59.247.6 at 2013-09-23 13:05:35 +0000
Served asset /sessions.css - 304 Not Modified (0ms)


Started GET "/assets/posts.css?body=1" for 122.59.247.6 at 2013-09-23 13:05:35 +0000
Served asset /posts.css - 304 Not Modified (0ms)


Started GET "/assets/welcome.css?body=1" for 122.59.247.6 at 2013-09-23 13:05:35 +0000
Served asset /welcome.css - 304 Not Modified (0ms)


Started GET "/assets/static_pages.css?body=1" for 122.59.247.6 at 2013-09-23 13:05:35 +0000
Served asset /static_pages.css - 304 Not Modified (0ms)


Started GET "/assets/jquery.js?body=1" for 122.59.247.6 at 2013-09-23 13:05:35 +0000
Served asset /jquery.js - 304 Not Modified (0ms)


Started GET "/assets/jquery_ujs.js?body=1" for 122.59.247.6 at 2013-09-23 13:05:35 +0000
Served asset /jquery_ujs.js - 304 Not Modified (8ms)


Started GET "/assets/static_pages.js?body=1" for 122.59.247.6 at 2013-09-23 13:05:35 +0000
Served asset /static_pages.js - 304 Not Modified (14ms)


Started GET "/assets/sessions.js?body=1" for 122.59.247.6 at 2013-09-23 13:05:35 +0000
Served asset /sessions.js - 304 Not Modified (0ms)


Started GET "/assets/posts.js?body=1" for 122.59.247.6 at 2013-09-23 13:05:35 +0000
Served asset /posts.js - 304 Not Modified (0ms)


Started GET "/assets/skrollr.js?body=1" for 122.59.247.6 at 2013-09-23 13:05:35 +0000
Served asset /skrollr.js - 304 Not Modified (0ms)


Started GET "/assets/welcome.js?body=1" for 122.59.247.6 at 2013-09-23 13:05:35 +0000
Served asset /welcome.js - 304 Not Modified (0ms)


Started GET "/assets/application.js?body=1" for 122.59.247.6 at 2013-09-23 13:05:35 +0000
Served asset /application.js - 304 Not Modified (2ms)
Connecting to database specified by database.yml
  [1m[36m (274.0ms)[0m  [1mCREATE TABLE "schema_migrations" ("version" character varying(255) NOT NULL) [0m
  [1m[35m (233.9ms)[0m  CREATE UNIQUE INDEX "unique_schema_migrations" ON "schema_migrations" ("version")
  [1m[36m (222.8ms)[0m  [1mSELECT "schema_migrations"."version" FROM "schema_migrations" [0m
Migrating to CreatePosts (20130814035032)
  [1m[35m (221.4ms)[0m  BEGIN
  [1m[36m (250.6ms)[0m  [1mCREATE TABLE "posts" ("id" serial primary key, "title" character varying(255), "text" text, "created_at" timestamp NOT NULL, "updated_at" timestamp NOT NULL) [0m
  [1m[35m (222.1ms)[0m  INSERT INTO "schema_migrations" ("version") VALUES ('20130814035032')
  [1m[36m (223.2ms)[0m  [1mCOMMIT[0m
Migrating to DeviseCreateUsers (20130820221502)
  [1m[35m (221.3ms)[0m  BEGIN
  [1m[36m (233.3ms)[0m  [1mCREATE TABLE "users" ("id" serial primary key, "email" character varying(255) DEFAULT '' NOT NULL, "encrypted_password" character varying(255) DEFAULT '' NOT NULL, "reset_password_token" character varying(255), "reset_password_sent_at" timestamp, "remember_created_at" timestamp, "sign_in_count" integer DEFAULT 0, "current_sign_in_at" timestamp, "last_sign_in_at" timestamp, "current_sign_in_ip" character varying(255), "last_sign_in_ip" character varying(255), "created_at" timestamp NOT NULL, "updated_at" timestamp NOT NULL) [0m
  [1m[35m (226.1ms)[0m  CREATE UNIQUE INDEX "index_users_on_email" ON "users" ("email")
  [1m[36m (226.6ms)[0m  [1mCREATE UNIQUE INDEX "index_users_on_reset_password_token" ON "users" ("reset_password_token")[0m
  [1m[35m (226.1ms)[0m  INSERT INTO "schema_migrations" ("version") VALUES ('20130820221502')
  [1m[36m (225.5ms)[0m  [1mCOMMIT[0m
  [1m[35m (221.2ms)[0m  SELECT "schema_migrations"."version" FROM "schema_migrations" 
Connecting to database specified by database.yml


Started GET "/" for 130.123.108.22 at 2013-09-23 23:33:30 +0000
Processing by WelcomeController#index as HTML
  Rendered welcome/index.html.erb within layouts/application (7.5ms)
Completed 200 OK in 103ms (Views: 102.7ms | ActiveRecord: 0.0ms)


Started GET "/application.css" for 130.123.108.22 at 2013-09-23 23:33:33 +0000

ActionController::RoutingError (No route matches [GET] "/application.css"):
  actionpack (3.2.13) lib/action_dispatch/middleware/debug_exceptions.rb:21:in `call'
  actionpack (3.2.13) lib/action_dispatch/middleware/show_exceptions.rb:56:in `call'
  railties (3.2.13) lib/rails/rack/logger.rb:32:in `call_app'
  railties (3.2.13) lib/rails/rack/logger.rb:16:in `block in call'
  activesupport (3.2.13) lib/active_support/tagged_logging.rb:22:in `tagged'
  railties (3.2.13) lib/rails/rack/logger.rb:16:in `call'
  actionpack (3.2.13) lib/action_dispatch/middleware/request_id.rb:22:in `call'
  rack (1.4.5) lib/rack/methodoverride.rb:21:in `call'
  rack (1.4.5) lib/rack/runtime.rb:17:in `call'
  activesupport (3.2.13) lib/active_support/cache/strategy/local_cache.rb:72:in `call'
  rack (1.4.5) lib/rack/lock.rb:15:in `call'
  actionpack (3.2.13) lib/action_dispatch/middleware/static.rb:63:in `call'
  railties (3.2.13) lib/rails/engine.rb:479:in `call'
  railties (3.2.13) lib/rails/application.rb:223:in `call'
  rack (1.4.5) lib/rack/content_length.rb:14:in `call'
  railties (3.2.13) lib/rails/rack/log_tailer.rb:17:in `call'
  rack (1.4.5) lib/rack/handler/webrick.rb:59:in `service'
  /home/action/.rvm/rubies/ruby-2.0.0-p247/lib/ruby/2.0.0/webrick/httpserver.rb:138:in `service'
  /home/action/.rvm/rubies/ruby-2.0.0-p247/lib/ruby/2.0.0/webrick/httpserver.rb:94:in `run'
  /home/action/.rvm/rubies/ruby-2.0.0-p247/lib/ruby/2.0.0/webrick/server.rb:295:in `block in start_thread'


  Rendered /home/action/.rvm/gems/ruby-2.0.0-p247/gems/actionpack-3.2.13/lib/action_dispatch/middleware/templates/rescues/routing_error.erb within rescues/layout (0.8ms)


Started GET "/assets/application.css?body=1" for 130.123.108.22 at 2013-09-23 23:33:34 +0000
Served asset /application.css - 200 OK (12ms)


Started GET "/assets/sessions.css?body=1" for 130.123.108.22 at 2013-09-23 23:33:34 +0000
Served asset /sessions.css - 200 OK (60ms)


Started GET "/assets/posts.js?body=1" for 130.123.108.22 at 2013-09-23 23:33:34 +0000
Served asset /posts.js - 200 OK (2ms)


Started GET "/assets/jquery.js?body=1" for 130.123.108.22 at 2013-09-23 23:33:34 +0000
Served asset /jquery.js - 200 OK (8ms)


Started GET "/assets/welcome.js?body=1" for 130.123.108.22 at 2013-09-23 23:33:35 +0000
Served asset /welcome.js - 200 OK (1ms)


Started GET "/assets/posts.css?body=1" for 130.123.108.22 at 2013-09-23 23:33:35 +0000
Served asset /posts.css - 200 OK (2ms)


Started GET "/assets/static_pages.css?body=1" for 130.123.108.22 at 2013-09-23 23:33:35 +0000
Served asset /static_pages.css - 200 OK (2ms)


Started GET "/assets/welcome.css?body=1" for 130.123.108.22 at 2013-09-23 23:33:35 +0000
Served asset /welcome.css - 200 OK (2ms)


Started GET "/assets/static_pages.js?body=1" for 130.123.108.22 at 2013-09-23 23:33:36 +0000
Served asset /static_pages.js - 200 OK (1ms)


Started GET "/assets/jquery_ujs.js?body=1" for 130.123.108.22 at 2013-09-23 23:33:36 +0000
Served asset /jquery_ujs.js - 200 OK (11ms)


Started GET "/assets/sessions.js?body=1" for 130.123.108.22 at 2013-09-23 23:33:36 +0000
Served asset /sessions.js - 200 OK (1ms)


Started GET "/assets/application.js?body=1" for 130.123.108.22 at 2013-09-23 23:33:36 +0000
Served asset /application.js - 200 OK (19ms)


Started GET "/assets/skrollr.js?body=1" for 130.123.108.22 at 2013-09-23 23:33:37 +0000
Served asset /skrollr.js - 200 OK (3ms)


Started GET "/skrollr.min.js" for 130.123.108.22 at 2013-09-23 23:33:37 +0000

ActionController::RoutingError (No route matches [GET] "/skrollr.min.js"):
  actionpack (3.2.13) lib/action_dispatch/middleware/debug_exceptions.rb:21:in `call'
  actionpack (3.2.13) lib/action_dispatch/middleware/show_exceptions.rb:56:in `call'
  railties (3.2.13) lib/rails/rack/logger.rb:32:in `call_app'
  railties (3.2.13) lib/rails/rack/logger.rb:16:in `block in call'
  activesupport (3.2.13) lib/active_support/tagged_logging.rb:22:in `tagged'
  railties (3.2.13) lib/rails/rack/logger.rb:16:in `call'
  actionpack (3.2.13) lib/action_dispatch/middleware/request_id.rb:22:in `call'
  rack (1.4.5) lib/rack/methodoverride.rb:21:in `call'
  rack (1.4.5) lib/rack/runtime.rb:17:in `call'
  activesupport (3.2.13) lib/active_support/cache/strategy/local_cache.rb:72:in `call'
  rack (1.4.5) lib/rack/lock.rb:15:in `call'
  actionpack (3.2.13) lib/action_dispatch/middleware/static.rb:63:in `call'
  railties (3.2.13) lib/rails/engine.rb:479:in `call'
  railties (3.2.13) lib/rails/application.rb:223:in `call'
  rack (1.4.5) lib/rack/content_length.rb:14:in `call'
  railties (3.2.13) lib/rails/rack/log_tailer.rb:17:in `call'
  rack (1.4.5) lib/rack/handler/webrick.rb:59:in `service'
  /home/action/.rvm/rubies/ruby-2.0.0-p247/lib/ruby/2.0.0/webrick/httpserver.rb:138:in `service'
  /home/action/.rvm/rubies/ruby-2.0.0-p247/lib/ruby/2.0.0/webrick/httpserver.rb:94:in `run'
  /home/action/.rvm/rubies/ruby-2.0.0-p247/lib/ruby/2.0.0/webrick/server.rb:295:in `block in start_thread'


  Rendered /home/action/.rvm/gems/ruby-2.0.0-p247/gems/actionpack-3.2.13/lib/action_dispatch/middleware/templates/rescues/routing_error.erb within rescues/layout (0.7ms)


Started GET "/assets/application.css?body=1" for 130.123.108.22 at 2013-09-23 23:33:37 +0000
Served asset /application.css - 304 Not Modified (1ms)


Started GET "/assets/jquery.js?body=1" for 130.123.108.22 at 2013-09-23 23:33:37 +0000
Served asset /jquery.js - 304 Not Modified (1ms)


Started GET "/assets/static_pages.css?body=1" for 130.123.108.22 at 2013-09-23 23:33:37 +0000
Served asset /static_pages.css - 304 Not Modified (0ms)


Started GET "/assets/posts.css?body=1" for 130.123.108.22 at 2013-09-23 23:33:38 +0000
Served asset /posts.css - 304 Not Modified (0ms)


Started GET "/assets/welcome.css?body=1" for 130.123.108.22 at 2013-09-23 23:33:38 +0000
Served asset /welcome.css - 304 Not Modified (0ms)


Started GET "/assets/jquery_ujs.js?body=1" for 130.123.108.22 at 2013-09-23 23:33:38 +0000
Served asset /jquery_ujs.js - 304 Not Modified (0ms)


Started GET "/assets/sessions.css?body=1" for 130.123.108.22 at 2013-09-23 23:33:38 +0000
Served asset /sessions.css - 304 Not Modified (0ms)


Started GET "/assets/posts.js?body=1" for 130.123.108.22 at 2013-09-23 23:33:39 +0000
Served asset /posts.js - 304 Not Modified (0ms)


Started GET "/assets/sessions.js?body=1" for 130.123.108.22 at 2013-09-23 23:33:39 +0000
Served asset /sessions.js - 304 Not Modified (0ms)


Started GET "/assets/static_pages.js?body=1" for 130.123.108.22 at 2013-09-23 23:33:39 +0000
Served asset /static_pages.js - 304 Not Modified (0ms)


Started GET "/assets/welcome.js?body=1" for 130.123.108.22 at 2013-09-23 23:33:39 +0000
Served asset /welcome.js - 304 Not Modified (0ms)


Started GET "/assets/skrollr.js?body=1" for 130.123.108.22 at 2013-09-23 23:33:40 +0000
Served asset /skrollr.js - 304 Not Modified (0ms)


Started GET "/" for 130.123.108.22 at 2013-09-23 23:57:31 +0000
Processing by WelcomeController#index as HTML
  Rendered welcome/index.html.erb within layouts/application (0.5ms)
Completed 200 OK in 47ms (Views: 46.8ms | ActiveRecord: 0.0ms)


Started GET "/application.css" for 130.123.108.22 at 2013-09-23 23:57:31 +0000

ActionController::RoutingError (No route matches [GET] "/application.css"):
  actionpack (3.2.13) lib/action_dispatch/middleware/debug_exceptions.rb:21:in `call'
  actionpack (3.2.13) lib/action_dispatch/middleware/show_exceptions.rb:56:in `call'
  railties (3.2.13) lib/rails/rack/logger.rb:32:in `call_app'
  railties (3.2.13) lib/rails/rack/logger.rb:16:in `block in call'
  activesupport (3.2.13) lib/active_support/tagged_logging.rb:22:in `tagged'
  railties (3.2.13) lib/rails/rack/logger.rb:16:in `call'
  actionpack (3.2.13) lib/action_dispatch/middleware/request_id.rb:22:in `call'
  rack (1.4.5) lib/rack/methodoverride.rb:21:in `call'
  rack (1.4.5) lib/rack/runtime.rb:17:in `call'
  activesupport (3.2.13) lib/active_support/cache/strategy/local_cache.rb:72:in `call'
  rack (1.4.5) lib/rack/lock.rb:15:in `call'
  actionpack (3.2.13) lib/action_dispatch/middleware/static.rb:63:in `call'
  railties (3.2.13) lib/rails/engine.rb:479:in `call'
  railties (3.2.13) lib/rails/application.rb:223:in `call'
  rack (1.4.5) lib/rack/content_length.rb:14:in `call'
  railties (3.2.13) lib/rails/rack/log_tailer.rb:17:in `call'
  rack (1.4.5) lib/rack/handler/webrick.rb:59:in `service'
  /home/action/.rvm/rubies/ruby-2.0.0-p247/lib/ruby/2.0.0/webrick/httpserver.rb:138:in `service'
  /home/action/.rvm/rubies/ruby-2.0.0-p247/lib/ruby/2.0.0/webrick/httpserver.rb:94:in `run'
  /home/action/.rvm/rubies/ruby-2.0.0-p247/lib/ruby/2.0.0/webrick/server.rb:295:in `block in start_thread'


  Rendered /home/action/.rvm/gems/ruby-2.0.0-p247/gems/actionpack-3.2.13/lib/action_dispatch/middleware/templates/rescues/routing_error.erb within rescues/layout (0.8ms)


Started GET "/skrollr.min.js" for 130.123.108.22 at 2013-09-23 23:57:31 +0000

ActionController::RoutingError (No route matches [GET] "/skrollr.min.js"):
  actionpack (3.2.13) lib/action_dispatch/middleware/debug_exceptions.rb:21:in `call'
  actionpack (3.2.13) lib/action_dispatch/middleware/show_exceptions.rb:56:in `call'
  railties (3.2.13) lib/rails/rack/logger.rb:32:in `call_app'
  railties (3.2.13) lib/rails/rack/logger.rb:16:in `block in call'
  activesupport (3.2.13) lib/active_support/tagged_logging.rb:22:in `tagged'
  railties (3.2.13) lib/rails/rack/logger.rb:16:in `call'
  actionpack (3.2.13) lib/action_dispatch/middleware/request_id.rb:22:in `call'
  rack (1.4.5) lib/rack/methodoverride.rb:21:in `call'
  rack (1.4.5) lib/rack/runtime.rb:17:in `call'
  activesupport (3.2.13) lib/active_support/cache/strategy/local_cache.rb:72:in `call'
  rack (1.4.5) lib/rack/lock.rb:15:in `call'
  actionpack (3.2.13) lib/action_dispatch/middleware/static.rb:63:in `call'
  railties (3.2.13) lib/rails/engine.rb:479:in `call'
  railties (3.2.13) lib/rails/application.rb:223:in `call'
  rack (1.4.5) lib/rack/content_length.rb:14:in `call'
  railties (3.2.13) lib/rails/rack/log_tailer.rb:17:in `call'
  rack (1.4.5) lib/rack/handler/webrick.rb:59:in `service'
  /home/action/.rvm/rubies/ruby-2.0.0-p247/lib/ruby/2.0.0/webrick/httpserver.rb:138:in `service'
  /home/action/.rvm/rubies/ruby-2.0.0-p247/lib/ruby/2.0.0/webrick/httpserver.rb:94:in `run'
  /home/action/.rvm/rubies/ruby-2.0.0-p247/lib/ruby/2.0.0/webrick/server.rb:295:in `block in start_thread'


  Rendered /home/action/.rvm/gems/ruby-2.0.0-p247/gems/actionpack-3.2.13/lib/action_dispatch/middleware/templates/rescues/routing_error.erb within rescues/layout (0.7ms)


Started GET "/assets/sessions.js?body=1" for 130.123.108.22 at 2013-09-23 23:57:32 +0000
Served asset /sessions.js - 304 Not Modified (0ms)


Started GET "/assets/posts.css?body=1" for 130.123.108.22 at 2013-09-23 23:57:32 +0000
Served asset /posts.css - 304 Not Modified (0ms)


Started GET "/assets/static_pages.js?body=1" for 130.123.108.22 at 2013-09-23 23:57:32 +0000
Served asset /static_pages.js - 304 Not Modified (0ms)


Started GET "/assets/application.css?body=1" for 130.123.108.22 at 2013-09-23 23:57:32 +0000
Served asset /application.css - 304 Not Modified (1ms)


Started GET "/assets/welcome.js?body=1" for 130.123.108.22 at 2013-09-23 23:57:33 +0000
Served asset /welcome.js - 304 Not Modified (0ms)


Started GET "/assets/skrollr.js?body=1" for 130.123.108.22 at 2013-09-23 23:57:33 +0000
Served asset /skrollr.js - 304 Not Modified (0ms)


Started GET "/assets/application.js?body=1" for 130.123.108.22 at 2013-09-23 23:57:33 +0000
Served asset /application.js - 304 Not Modified (3ms)


Started GET "/assets/sessions.css?body=1" for 130.123.108.22 at 2013-09-23 23:57:33 +0000
Served asset /sessions.css - 304 Not Modified (0ms)


Started GET "/assets/static_pages.css?body=1" for 130.123.108.22 at 2013-09-23 23:57:33 +0000
Served asset /static_pages.css - 304 Not Modified (0ms)


Started GET "/assets/welcome.css?body=1" for 130.123.108.22 at 2013-09-23 23:57:34 +0000
Served asset /welcome.css - 304 Not Modified (0ms)


Started GET "/assets/jquery.js?body=1" for 130.123.108.22 at 2013-09-23 23:57:34 +0000
Served asset /jquery.js - 304 Not Modified (1ms)


Started GET "/assets/posts.js?body=1" for 130.123.108.22 at 2013-09-23 23:57:34 +0000
Served asset /posts.js - 304 Not Modified (0ms)


Started GET "/assets/jquery_ujs.js?body=1" for 130.123.108.22 at 2013-09-23 23:57:34 +0000
Served asset /jquery_ujs.js - 304 Not Modified (0ms)
Connecting to database specified by database.yml
  [1m[36m (223.8ms)[0m  [1mSELECT "schema_migrations"."version" FROM "schema_migrations" [0m
Migrating to CreatePosts (20130814035032)
Migrating to DeviseCreateUsers (20130820221502)
  [1m[35m (222.2ms)[0m  SELECT "schema_migrations"."version" FROM "schema_migrations" 
Connecting to database specified by database.yml
Connecting to database specified by database.yml


Started GET "/" for 130.123.108.22 at 2013-09-24 00:15:22 +0000
Processing by WelcomeController#index as HTML
  Rendered welcome/index.html.erb within layouts/application (11.0ms)
Completed 500 Internal Server Error in 184ms

ActionView::Template::Error (undefined method `lionk_to' for #<#<Class:0x000000040e8a90>:0x000000040f3418>):
    15: 					<li><%= link_to "Theory", theory_path %></li>
    16: 					<li><%= link_to "Contact", contact_path %></li>
    17: 					<li><%= link_to "Tools", tools_path %></li>
    18:           <li><%= lionk_to "Home", index_path %></li>
    19: 				</ul>
    20: 			</div>
    21: 
  app/views/layouts/application.html.erb:18:in `_app_views_layouts_application_html_erb___3546880812388492472_34941140'


  Rendered /home/action/.rvm/gems/ruby-2.0.0-p247/gems/actionpack-3.2.13/lib/action_dispatch/middleware/templates/rescues/_trace.erb (1.3ms)
  Rendered /home/action/.rvm/gems/ruby-2.0.0-p247/gems/actionpack-3.2.13/lib/action_dispatch/middleware/templates/rescues/_request_and_response.erb (0.9ms)
  Rendered /home/action/.rvm/gems/ruby-2.0.0-p247/gems/actionpack-3.2.13/lib/action_dispatch/middleware/templates/rescues/template_error.erb within rescues/layout (16.2ms)
Connecting to database specified by database.yml


Started GET "/" for 130.123.108.22 at 2013-09-24 00:16:12 +0000
Processing by WelcomeController#index as HTML
  Rendered welcome/index.html.erb within layouts/application (3.1ms)
Completed 200 OK in 95ms (Views: 94.6ms | ActiveRecord: 0.0ms)


Started GET "/application.css" for 130.123.108.22 at 2013-09-24 00:16:16 +0000

ActionController::RoutingError (No route matches [GET] "/application.css"):
  actionpack (3.2.13) lib/action_dispatch/middleware/debug_exceptions.rb:21:in `call'
  actionpack (3.2.13) lib/action_dispatch/middleware/show_exceptions.rb:56:in `call'
  railties (3.2.13) lib/rails/rack/logger.rb:32:in `call_app'
  railties (3.2.13) lib/rails/rack/logger.rb:16:in `block in call'
  activesupport (3.2.13) lib/active_support/tagged_logging.rb:22:in `tagged'
  railties (3.2.13) lib/rails/rack/logger.rb:16:in `call'
  actionpack (3.2.13) lib/action_dispatch/middleware/request_id.rb:22:in `call'
  rack (1.4.5) lib/rack/methodoverride.rb:21:in `call'
  rack (1.4.5) lib/rack/runtime.rb:17:in `call'
  activesupport (3.2.13) lib/active_support/cache/strategy/local_cache.rb:72:in `call'
  rack (1.4.5) lib/rack/lock.rb:15:in `call'
  actionpack (3.2.13) lib/action_dispatch/middleware/static.rb:63:in `call'
  railties (3.2.13) lib/rails/engine.rb:479:in `call'
  railties (3.2.13) lib/rails/application.rb:223:in `call'
  rack (1.4.5) lib/rack/content_length.rb:14:in `call'
  railties (3.2.13) lib/rails/rack/log_tailer.rb:17:in `call'
  rack (1.4.5) lib/rack/handler/webrick.rb:59:in `service'
  /home/action/.rvm/rubies/ruby-2.0.0-p247/lib/ruby/2.0.0/webrick/httpserver.rb:138:in `service'
  /home/action/.rvm/rubies/ruby-2.0.0-p247/lib/ruby/2.0.0/webrick/httpserver.rb:94:in `run'
  /home/action/.rvm/rubies/ruby-2.0.0-p247/lib/ruby/2.0.0/webrick/server.rb:295:in `block in start_thread'


  Rendered /home/action/.rvm/gems/ruby-2.0.0-p247/gems/actionpack-3.2.13/lib/action_dispatch/middleware/templates/rescues/routing_error.erb within rescues/layout (0.6ms)


Started GET "/assets/application.css?body=1" for 130.123.108.22 at 2013-09-24 00:16:16 +0000
Served asset /application.css - 304 Not Modified (10ms)


Started GET "/skrollr.min.js" for 130.123.108.22 at 2013-09-24 00:16:16 +0000

ActionController::RoutingError (No route matches [GET] "/skrollr.min.js"):
  actionpack (3.2.13) lib/action_dispatch/middleware/debug_exceptions.rb:21:in `call'
  actionpack (3.2.13) lib/action_dispatch/middleware/show_exceptions.rb:56:in `call'
  railties (3.2.13) lib/rails/rack/logger.rb:32:in `call_app'
  railties (3.2.13) lib/rails/rack/logger.rb:16:in `block in call'
  activesupport (3.2.13) lib/active_support/tagged_logging.rb:22:in `tagged'
  railties (3.2.13) lib/rails/rack/logger.rb:16:in `call'
  actionpack (3.2.13) lib/action_dispatch/middleware/request_id.rb:22:in `call'
  rack (1.4.5) lib/rack/methodoverride.rb:21:in `call'
  rack (1.4.5) lib/rack/runtime.rb:17:in `call'
  activesupport (3.2.13) lib/active_support/cache/strategy/local_cache.rb:72:in `call'
  rack (1.4.5) lib/rack/lock.rb:15:in `call'
  actionpack (3.2.13) lib/action_dispatch/middleware/static.rb:63:in `call'
  railties (3.2.13) lib/rails/engine.rb:479:in `call'
  railties (3.2.13) lib/rails/application.rb:223:in `call'
  rack (1.4.5) lib/rack/content_length.rb:14:in `call'
  railties (3.2.13) lib/rails/rack/log_tailer.rb:17:in `call'
  rack (1.4.5) lib/rack/handler/webrick.rb:59:in `service'
  /home/action/.rvm/rubies/ruby-2.0.0-p247/lib/ruby/2.0.0/webrick/httpserver.rb:138:in `service'
  /home/action/.rvm/rubies/ruby-2.0.0-p247/lib/ruby/2.0.0/webrick/httpserver.rb:94:in `run'
  /home/action/.rvm/rubies/ruby-2.0.0-p247/lib/ruby/2.0.0/webrick/server.rb:295:in `block in start_thread'


  Rendered /home/action/.rvm/gems/ruby-2.0.0-p247/gems/actionpack-3.2.13/lib/action_dispatch/middleware/templates/rescues/routing_error.erb within rescues/layout (0.6ms)


Started GET "/assets/sessions.css?body=1" for 130.123.108.22 at 2013-09-24 00:16:16 +0000
Served asset /sessions.css - 304 Not Modified (2ms)


Started GET "/assets/posts.css?body=1" for 130.123.108.22 at 2013-09-24 00:16:17 +0000
Served asset /posts.css - 304 Not Modified (1ms)


Started GET "/assets/static_pages.css?body=1" for 130.123.108.22 at 2013-09-24 00:16:17 +0000
Served asset /static_pages.css - 304 Not Modified (1ms)


Started GET "/assets/jquery.js?body=1" for 130.123.108.22 at 2013-09-24 00:16:17 +0000
Served asset /jquery.js - 304 Not Modified (51ms)


Started GET "/assets/welcome.css?body=1" for 130.123.108.22 at 2013-09-24 00:16:17 +0000
Served asset /welcome.css - 304 Not Modified (1ms)


Started GET "/assets/posts.js?body=1" for 130.123.108.22 at 2013-09-24 00:16:18 +0000
Served asset /posts.js - 304 Not Modified (1ms)


Started GET "/assets/jquery_ujs.js?body=1" for 130.123.108.22 at 2013-09-24 00:16:18 +0000
Served asset /jquery_ujs.js - 304 Not Modified (2ms)


Started GET "/assets/sessions.js?body=1" for 130.123.108.22 at 2013-09-24 00:16:18 +0000
Served asset /sessions.js - 304 Not Modified (1ms)


Started GET "/assets/static_pages.js?body=1" for 130.123.108.22 at 2013-09-24 00:16:18 +0000
Served asset /static_pages.js - 304 Not Modified (1ms)


Started GET "/assets/welcome.js?body=1" for 130.123.108.22 at 2013-09-24 00:16:19 +0000
Served asset /welcome.js - 304 Not Modified (1ms)


Started GET "/assets/skrollr.js?body=1" for 130.123.108.22 at 2013-09-24 00:16:19 +0000
Served asset /skrollr.js - 304 Not Modified (2ms)


Started GET "/assets/application.js?body=1" for 130.123.108.22 at 2013-09-24 00:16:19 +0000
Served asset /application.js - 304 Not Modified (16ms)


Started GET "/theory" for 130.123.108.22 at 2013-09-24 00:16:21 +0000
Processing by StaticPagesController#theory as HTML
  Rendered static_pages/theory.html.erb within layouts/application (0.4ms)
Completed 200 OK in 90ms (Views: 89.7ms | ActiveRecord: 0.0ms)


Started GET "/application.css" for 130.123.108.22 at 2013-09-24 00:16:22 +0000

ActionController::RoutingError (No route matches [GET] "/application.css"):
  actionpack (3.2.13) lib/action_dispatch/middleware/debug_exceptions.rb:21:in `call'
  actionpack (3.2.13) lib/action_dispatch/middleware/show_exceptions.rb:56:in `call'
  railties (3.2.13) lib/rails/rack/logger.rb:32:in `call_app'
  railties (3.2.13) lib/rails/rack/logger.rb:16:in `block in call'
  activesupport (3.2.13) lib/active_support/tagged_logging.rb:22:in `tagged'
  railties (3.2.13) lib/rails/rack/logger.rb:16:in `call'
  actionpack (3.2.13) lib/action_dispatch/middleware/request_id.rb:22:in `call'
  rack (1.4.5) lib/rack/methodoverride.rb:21:in `call'
  rack (1.4.5) lib/rack/runtime.rb:17:in `call'
  activesupport (3.2.13) lib/active_support/cache/strategy/local_cache.rb:72:in `call'
  rack (1.4.5) lib/rack/lock.rb:15:in `call'
  actionpack (3.2.13) lib/action_dispatch/middleware/static.rb:63:in `call'
  railties (3.2.13) lib/rails/engine.rb:479:in `call'
  railties (3.2.13) lib/rails/application.rb:223:in `call'
  rack (1.4.5) lib/rack/content_length.rb:14:in `call'
  railties (3.2.13) lib/rails/rack/log_tailer.rb:17:in `call'
  rack (1.4.5) lib/rack/handler/webrick.rb:59:in `service'
  /home/action/.rvm/rubies/ruby-2.0.0-p247/lib/ruby/2.0.0/webrick/httpserver.rb:138:in `service'
  /home/action/.rvm/rubies/ruby-2.0.0-p247/lib/ruby/2.0.0/webrick/httpserver.rb:94:in `run'
  /home/action/.rvm/rubies/ruby-2.0.0-p247/lib/ruby/2.0.0/webrick/server.rb:295:in `block in start_thread'


  Rendered /home/action/.rvm/gems/ruby-2.0.0-p247/gems/actionpack-3.2.13/lib/action_dispatch/middleware/templates/rescues/routing_error.erb within rescues/layout (0.7ms)


Started GET "/index" for 130.123.108.22 at 2013-09-24 00:16:23 +0000
Processing by WelcomeController#index as HTML
  Rendered welcome/index.html.erb within layouts/application (0.4ms)
Completed 200 OK in 105ms (Views: 104.4ms | ActiveRecord: 0.0ms)


Started GET "/skrollr.min.js" for 130.123.108.22 at 2013-09-24 00:16:24 +0000

ActionController::RoutingError (No route matches [GET] "/skrollr.min.js"):
  actionpack (3.2.13) lib/action_dispatch/middleware/debug_exceptions.rb:21:in `call'
  actionpack (3.2.13) lib/action_dispatch/middleware/show_exceptions.rb:56:in `call'
  railties (3.2.13) lib/rails/rack/logger.rb:32:in `call_app'
  railties (3.2.13) lib/rails/rack/logger.rb:16:in `block in call'
  activesupport (3.2.13) lib/active_support/tagged_logging.rb:22:in `tagged'
  railties (3.2.13) lib/rails/rack/logger.rb:16:in `call'
  actionpack (3.2.13) lib/action_dispatch/middleware/request_id.rb:22:in `call'
  rack (1.4.5) lib/rack/methodoverride.rb:21:in `call'
  rack (1.4.5) lib/rack/runtime.rb:17:in `call'
  activesupport (3.2.13) lib/active_support/cache/strategy/local_cache.rb:72:in `call'
  rack (1.4.5) lib/rack/lock.rb:15:in `call'
  actionpack (3.2.13) lib/action_dispatch/middleware/static.rb:63:in `call'
  railties (3.2.13) lib/rails/engine.rb:479:in `call'
  railties (3.2.13) lib/rails/application.rb:223:in `call'
  rack (1.4.5) lib/rack/content_length.rb:14:in `call'
  railties (3.2.13) lib/rails/rack/log_tailer.rb:17:in `call'
  rack (1.4.5) lib/rack/handler/webrick.rb:59:in `service'
  /home/action/.rvm/rubies/ruby-2.0.0-p247/lib/ruby/2.0.0/webrick/httpserver.rb:138:in `service'
  /home/action/.rvm/rubies/ruby-2.0.0-p247/lib/ruby/2.0.0/webrick/httpserver.rb:94:in `run'
  /home/action/.rvm/rubies/ruby-2.0.0-p247/lib/ruby/2.0.0/webrick/server.rb:295:in `block in start_thread'


  Rendered /home/action/.rvm/gems/ruby-2.0.0-p247/gems/actionpack-3.2.13/lib/action_dispatch/middleware/templates/rescues/routing_error.erb within rescues/layout (0.6ms)


Started GET "/application.css" for 130.123.108.22 at 2013-09-24 00:16:24 +0000

ActionController::RoutingError (No route matches [GET] "/application.css"):
  actionpack (3.2.13) lib/action_dispatch/middleware/debug_exceptions.rb:21:in `call'
  actionpack (3.2.13) lib/action_dispatch/middleware/show_exceptions.rb:56:in `call'
  railties (3.2.13) lib/rails/rack/logger.rb:32:in `call_app'
  railties (3.2.13) lib/rails/rack/logger.rb:16:in `block in call'
  activesupport (3.2.13) lib/active_support/tagged_logging.rb:22:in `tagged'
  railties (3.2.13) lib/rails/rack/logger.rb:16:in `call'
  actionpack (3.2.13) lib/action_dispatch/middleware/request_id.rb:22:in `call'
  rack (1.4.5) lib/rack/methodoverride.rb:21:in `call'
  rack (1.4.5) lib/rack/runtime.rb:17:in `call'
  activesupport (3.2.13) lib/active_support/cache/strategy/local_cache.rb:72:in `call'
  rack (1.4.5) lib/rack/lock.rb:15:in `call'
  actionpack (3.2.13) lib/action_dispatch/middleware/static.rb:63:in `call'
  railties (3.2.13) lib/rails/engine.rb:479:in `call'
  railties (3.2.13) lib/rails/application.rb:223:in `call'
  rack (1.4.5) lib/rack/content_length.rb:14:in `call'
  railties (3.2.13) lib/rails/rack/log_tailer.rb:17:in `call'
  rack (1.4.5) lib/rack/handler/webrick.rb:59:in `service'
  /home/action/.rvm/rubies/ruby-2.0.0-p247/lib/ruby/2.0.0/webrick/httpserver.rb:138:in `service'
  /home/action/.rvm/rubies/ruby-2.0.0-p247/lib/ruby/2.0.0/webrick/httpserver.rb:94:in `run'
  /home/action/.rvm/rubies/ruby-2.0.0-p247/lib/ruby/2.0.0/webrick/server.rb:295:in `block in start_thread'


  Rendered /home/action/.rvm/gems/ruby-2.0.0-p247/gems/actionpack-3.2.13/lib/action_dispatch/middleware/templates/rescues/routing_error.erb within rescues/layout (0.6ms)


Started GET "/index" for 130.123.108.22 at 2013-09-24 00:16:27 +0000
Processing by WelcomeController#index as HTML
  Rendered welcome/index.html.erb within layouts/application (0.4ms)
Completed 200 OK in 74ms (Views: 73.8ms | ActiveRecord: 0.0ms)


Started GET "/application.css" for 130.123.108.22 at 2013-09-24 00:16:28 +0000

ActionController::RoutingError (No route matches [GET] "/application.css"):
  actionpack (3.2.13) lib/action_dispatch/middleware/debug_exceptions.rb:21:in `call'
  actionpack (3.2.13) lib/action_dispatch/middleware/show_exceptions.rb:56:in `call'
  railties (3.2.13) lib/rails/rack/logger.rb:32:in `call_app'
  railties (3.2.13) lib/rails/rack/logger.rb:16:in `block in call'
  activesupport (3.2.13) lib/active_support/tagged_logging.rb:22:in `tagged'
  railties (3.2.13) lib/rails/rack/logger.rb:16:in `call'
  actionpack (3.2.13) lib/action_dispatch/middleware/request_id.rb:22:in `call'
  rack (1.4.5) lib/rack/methodoverride.rb:21:in `call'
  rack (1.4.5) lib/rack/runtime.rb:17:in `call'
  activesupport (3.2.13) lib/active_support/cache/strategy/local_cache.rb:72:in `call'
  rack (1.4.5) lib/rack/lock.rb:15:in `call'
  actionpack (3.2.13) lib/action_dispatch/middleware/static.rb:63:in `call'
  railties (3.2.13) lib/rails/engine.rb:479:in `call'
  railties (3.2.13) lib/rails/application.rb:223:in `call'
  rack (1.4.5) lib/rack/content_length.rb:14:in `call'
  railties (3.2.13) lib/rails/rack/log_tailer.rb:17:in `call'
  rack (1.4.5) lib/rack/handler/webrick.rb:59:in `service'
  /home/action/.rvm/rubies/ruby-2.0.0-p247/lib/ruby/2.0.0/webrick/httpserver.rb:138:in `service'
  /home/action/.rvm/rubies/ruby-2.0.0-p247/lib/ruby/2.0.0/webrick/httpserver.rb:94:in `run'
  /home/action/.rvm/rubies/ruby-2.0.0-p247/lib/ruby/2.0.0/webrick/server.rb:295:in `block in start_thread'


  Rendered /home/action/.rvm/gems/ruby-2.0.0-p247/gems/actionpack-3.2.13/lib/action_dispatch/middleware/templates/rescues/routing_error.erb within rescues/layout (0.7ms)


Started GET "/skrollr.min.js" for 130.123.108.22 at 2013-09-24 00:16:28 +0000

ActionController::RoutingError (No route matches [GET] "/skrollr.min.js"):
  actionpack (3.2.13) lib/action_dispatch/middleware/debug_exceptions.rb:21:in `call'
  actionpack (3.2.13) lib/action_dispatch/middleware/show_exceptions.rb:56:in `call'
  railties (3.2.13) lib/rails/rack/logger.rb:32:in `call_app'
  railties (3.2.13) lib/rails/rack/logger.rb:16:in `block in call'
  activesupport (3.2.13) lib/active_support/tagged_logging.rb:22:in `tagged'
  railties (3.2.13) lib/rails/rack/logger.rb:16:in `call'
  actionpack (3.2.13) lib/action_dispatch/middleware/request_id.rb:22:in `call'
  rack (1.4.5) lib/rack/methodoverride.rb:21:in `call'
  rack (1.4.5) lib/rack/runtime.rb:17:in `call'
  activesupport (3.2.13) lib/active_support/cache/strategy/local_cache.rb:72:in `call'
  rack (1.4.5) lib/rack/lock.rb:15:in `call'
  actionpack (3.2.13) lib/action_dispatch/middleware/static.rb:63:in `call'
  railties (3.2.13) lib/rails/engine.rb:479:in `call'
  railties (3.2.13) lib/rails/application.rb:223:in `call'
  rack (1.4.5) lib/rack/content_length.rb:14:in `call'
  railties (3.2.13) lib/rails/rack/log_tailer.rb:17:in `call'
  rack (1.4.5) lib/rack/handler/webrick.rb:59:in `service'
  /home/action/.rvm/rubies/ruby-2.0.0-p247/lib/ruby/2.0.0/webrick/httpserver.rb:138:in `service'
  /home/action/.rvm/rubies/ruby-2.0.0-p247/lib/ruby/2.0.0/webrick/httpserver.rb:94:in `run'
  /home/action/.rvm/rubies/ruby-2.0.0-p247/lib/ruby/2.0.0/webrick/server.rb:295:in `block in start_thread'


  Rendered /home/action/.rvm/gems/ruby-2.0.0-p247/gems/actionpack-3.2.13/lib/action_dispatch/middleware/templates/rescues/routing_error.erb within rescues/layout (0.5ms)


Started GET "/contact" for 130.123.108.22 at 2013-09-24 00:16:30 +0000
Processing by StaticPagesController#contact as HTML
  Rendered static_pages/contact.html.erb within layouts/application (0.3ms)
Completed 200 OK in 49ms (Views: 49.0ms | ActiveRecord: 0.0ms)


Started GET "/application.css" for 130.123.108.22 at 2013-09-24 00:16:30 +0000

ActionController::RoutingError (No route matches [GET] "/application.css"):
  actionpack (3.2.13) lib/action_dispatch/middleware/debug_exceptions.rb:21:in `call'
  actionpack (3.2.13) lib/action_dispatch/middleware/show_exceptions.rb:56:in `call'
  railties (3.2.13) lib/rails/rack/logger.rb:32:in `call_app'
  railties (3.2.13) lib/rails/rack/logger.rb:16:in `block in call'
  activesupport (3.2.13) lib/active_support/tagged_logging.rb:22:in `tagged'
  railties (3.2.13) lib/rails/rack/logger.rb:16:in `call'
  actionpack (3.2.13) lib/action_dispatch/middleware/request_id.rb:22:in `call'
  rack (1.4.5) lib/rack/methodoverride.rb:21:in `call'
  rack (1.4.5) lib/rack/runtime.rb:17:in `call'
  activesupport (3.2.13) lib/active_support/cache/strategy/local_cache.rb:72:in `call'
  rack (1.4.5) lib/rack/lock.rb:15:in `call'
  actionpack (3.2.13) lib/action_dispatch/middleware/static.rb:63:in `call'
  railties (3.2.13) lib/rails/engine.rb:479:in `call'
  railties (3.2.13) lib/rails/application.rb:223:in `call'
  rack (1.4.5) lib/rack/content_length.rb:14:in `call'
  railties (3.2.13) lib/rails/rack/log_tailer.rb:17:in `call'
  rack (1.4.5) lib/rack/handler/webrick.rb:59:in `service'
  /home/action/.rvm/rubies/ruby-2.0.0-p247/lib/ruby/2.0.0/webrick/httpserver.rb:138:in `service'
  /home/action/.rvm/rubies/ruby-2.0.0-p247/lib/ruby/2.0.0/webrick/httpserver.rb:94:in `run'
  /home/action/.rvm/rubies/ruby-2.0.0-p247/lib/ruby/2.0.0/webrick/server.rb:295:in `block in start_thread'


  Rendered /home/action/.rvm/gems/ruby-2.0.0-p247/gems/actionpack-3.2.13/lib/action_dispatch/middleware/templates/rescues/routing_error.erb within rescues/layout (0.8ms)


Started GET "/about" for 130.123.108.22 at 2013-09-24 00:16:32 +0000
Processing by StaticPagesController#about as HTML
  Rendered static_pages/about.html.erb within layouts/application (0.4ms)
Completed 200 OK in 75ms (Views: 74.9ms | ActiveRecord: 0.0ms)


Started GET "/application.css" for 130.123.108.22 at 2013-09-24 00:16:33 +0000

ActionController::RoutingError (No route matches [GET] "/application.css"):
  actionpack (3.2.13) lib/action_dispatch/middleware/debug_exceptions.rb:21:in `call'
  actionpack (3.2.13) lib/action_dispatch/middleware/show_exceptions.rb:56:in `call'
  railties (3.2.13) lib/rails/rack/logger.rb:32:in `call_app'
  railties (3.2.13) lib/rails/rack/logger.rb:16:in `block in call'
  activesupport (3.2.13) lib/active_support/tagged_logging.rb:22:in `tagged'
  railties (3.2.13) lib/rails/rack/logger.rb:16:in `call'
  actionpack (3.2.13) lib/action_dispatch/middleware/request_id.rb:22:in `call'
  rack (1.4.5) lib/rack/methodoverride.rb:21:in `call'
  rack (1.4.5) lib/rack/runtime.rb:17:in `call'
  activesupport (3.2.13) lib/active_support/cache/strategy/local_cache.rb:72:in `call'
  rack (1.4.5) lib/rack/lock.rb:15:in `call'
  actionpack (3.2.13) lib/action_dispatch/middleware/static.rb:63:in `call'
  railties (3.2.13) lib/rails/engine.rb:479:in `call'
  railties (3.2.13) lib/rails/application.rb:223:in `call'
  rack (1.4.5) lib/rack/content_length.rb:14:in `call'
  railties (3.2.13) lib/rails/rack/log_tailer.rb:17:in `call'
  rack (1.4.5) lib/rack/handler/webrick.rb:59:in `service'
  /home/action/.rvm/rubies/ruby-2.0.0-p247/lib/ruby/2.0.0/webrick/httpserver.rb:138:in `service'
  /home/action/.rvm/rubies/ruby-2.0.0-p247/lib/ruby/2.0.0/webrick/httpserver.rb:94:in `run'
  /home/action/.rvm/rubies/ruby-2.0.0-p247/lib/ruby/2.0.0/webrick/server.rb:295:in `block in start_thread'


  Rendered /home/action/.rvm/gems/ruby-2.0.0-p247/gems/actionpack-3.2.13/lib/action_dispatch/middleware/templates/rescues/routing_error.erb within rescues/layout (0.7ms)


Started GET "/index" for 130.123.108.22 at 2013-09-24 00:16:34 +0000
Processing by WelcomeController#index as HTML
  Rendered welcome/index.html.erb within layouts/application (0.4ms)
Completed 200 OK in 42ms (Views: 42.1ms | ActiveRecord: 0.0ms)


Started GET "/skrollr.min.js" for 130.123.108.22 at 2013-09-24 00:16:34 +0000

ActionController::RoutingError (No route matches [GET] "/skrollr.min.js"):
  actionpack (3.2.13) lib/action_dispatch/middleware/debug_exceptions.rb:21:in `call'
  actionpack (3.2.13) lib/action_dispatch/middleware/show_exceptions.rb:56:in `call'
  railties (3.2.13) lib/rails/rack/logger.rb:32:in `call_app'
  railties (3.2.13) lib/rails/rack/logger.rb:16:in `block in call'
  activesupport (3.2.13) lib/active_support/tagged_logging.rb:22:in `tagged'
  railties (3.2.13) lib/rails/rack/logger.rb:16:in `call'
  actionpack (3.2.13) lib/action_dispatch/middleware/request_id.rb:22:in `call'
  rack (1.4.5) lib/rack/methodoverride.rb:21:in `call'
  rack (1.4.5) lib/rack/runtime.rb:17:in `call'
  activesupport (3.2.13) lib/active_support/cache/strategy/local_cache.rb:72:in `call'
  rack (1.4.5) lib/rack/lock.rb:15:in `call'
  actionpack (3.2.13) lib/action_dispatch/middleware/static.rb:63:in `call'
  railties (3.2.13) lib/rails/engine.rb:479:in `call'
  railties (3.2.13) lib/rails/application.rb:223:in `call'
  rack (1.4.5) lib/rack/content_length.rb:14:in `call'
  railties (3.2.13) lib/rails/rack/log_tailer.rb:17:in `call'
  rack (1.4.5) lib/rack/handler/webrick.rb:59:in `service'
  /home/action/.rvm/rubies/ruby-2.0.0-p247/lib/ruby/2.0.0/webrick/httpserver.rb:138:in `service'
  /home/action/.rvm/rubies/ruby-2.0.0-p247/lib/ruby/2.0.0/webrick/httpserver.rb:94:in `run'
  /home/action/.rvm/rubies/ruby-2.0.0-p247/lib/ruby/2.0.0/webrick/server.rb:295:in `block in start_thread'


  Rendered /home/action/.rvm/gems/ruby-2.0.0-p247/gems/actionpack-3.2.13/lib/action_dispatch/middleware/templates/rescues/routing_error.erb within rescues/layout (0.7ms)


Started GET "/application.css" for 130.123.108.22 at 2013-09-24 00:16:35 +0000

ActionController::RoutingError (No route matches [GET] "/application.css"):
  actionpack (3.2.13) lib/action_dispatch/middleware/debug_exceptions.rb:21:in `call'
  actionpack (3.2.13) lib/action_dispatch/middleware/show_exceptions.rb:56:in `call'
  railties (3.2.13) lib/rails/rack/logger.rb:32:in `call_app'
  railties (3.2.13) lib/rails/rack/logger.rb:16:in `block in call'
  activesupport (3.2.13) lib/active_support/tagged_logging.rb:22:in `tagged'
  railties (3.2.13) lib/rails/rack/logger.rb:16:in `call'
  actionpack (3.2.13) lib/action_dispatch/middleware/request_id.rb:22:in `call'
  rack (1.4.5) lib/rack/methodoverride.rb:21:in `call'
  rack (1.4.5) lib/rack/runtime.rb:17:in `call'
  activesupport (3.2.13) lib/active_support/cache/strategy/local_cache.rb:72:in `call'
  rack (1.4.5) lib/rack/lock.rb:15:in `call'
  actionpack (3.2.13) lib/action_dispatch/middleware/static.rb:63:in `call'
  railties (3.2.13) lib/rails/engine.rb:479:in `call'
  railties (3.2.13) lib/rails/application.rb:223:in `call'
  rack (1.4.5) lib/rack/content_length.rb:14:in `call'
  railties (3.2.13) lib/rails/rack/log_tailer.rb:17:in `call'
  rack (1.4.5) lib/rack/handler/webrick.rb:59:in `service'
  /home/action/.rvm/rubies/ruby-2.0.0-p247/lib/ruby/2.0.0/webrick/httpserver.rb:138:in `service'
  /home/action/.rvm/rubies/ruby-2.0.0-p247/lib/ruby/2.0.0/webrick/httpserver.rb:94:in `run'
  /home/action/.rvm/rubies/ruby-2.0.0-p247/lib/ruby/2.0.0/webrick/server.rb:295:in `block in start_thread'


  Rendered /home/action/.rvm/gems/ruby-2.0.0-p247/gems/actionpack-3.2.13/lib/action_dispatch/middleware/templates/rescues/routing_error.erb within rescues/layout (0.5ms)


Started GET "/posts" for 130.123.108.22 at 2013-09-24 00:16:36 +0000
Processing by PostsController#index as HTML
  [1m[36mPost Load (222.9ms)[0m  [1mSELECT "posts".* FROM "posts" [0m
  [1m[35mEXPLAIN (222.8ms)[0m  EXPLAIN SELECT "posts".* FROM "posts" 
EXPLAIN for: SELECT "posts".* FROM "posts" 
                        QUERY PLAN
----------------------------------------------------------
 Seq Scan on posts  (cost=0.00..10.39 rows=130 width=568)
(1 row)

  Rendered posts/index.html.erb within layouts/application (4.2ms)
Completed 200 OK in 1221ms (Views: 62.6ms | ActiveRecord: 1127.0ms)


Started GET "/application.css" for 130.123.108.22 at 2013-09-24 00:16:37 +0000

ActionController::RoutingError (No route matches [GET] "/application.css"):
  actionpack (3.2.13) lib/action_dispatch/middleware/debug_exceptions.rb:21:in `call'
  actionpack (3.2.13) lib/action_dispatch/middleware/show_exceptions.rb:56:in `call'
  railties (3.2.13) lib/rails/rack/logger.rb:32:in `call_app'
  railties (3.2.13) lib/rails/rack/logger.rb:16:in `block in call'
  activesupport (3.2.13) lib/active_support/tagged_logging.rb:22:in `tagged'
  railties (3.2.13) lib/rails/rack/logger.rb:16:in `call'
  actionpack (3.2.13) lib/action_dispatch/middleware/request_id.rb:22:in `call'
  rack (1.4.5) lib/rack/methodoverride.rb:21:in `call'
  rack (1.4.5) lib/rack/runtime.rb:17:in `call'
  activesupport (3.2.13) lib/active_support/cache/strategy/local_cache.rb:72:in `call'
  rack (1.4.5) lib/rack/lock.rb:15:in `call'
  actionpack (3.2.13) lib/action_dispatch/middleware/static.rb:63:in `call'
  railties (3.2.13) lib/rails/engine.rb:479:in `call'
  railties (3.2.13) lib/rails/application.rb:223:in `call'
  rack (1.4.5) lib/rack/content_length.rb:14:in `call'
  railties (3.2.13) lib/rails/rack/log_tailer.rb:17:in `call'
  rack (1.4.5) lib/rack/handler/webrick.rb:59:in `service'
  /home/action/.rvm/rubies/ruby-2.0.0-p247/lib/ruby/2.0.0/webrick/httpserver.rb:138:in `service'
  /home/action/.rvm/rubies/ruby-2.0.0-p247/lib/ruby/2.0.0/webrick/httpserver.rb:94:in `run'
  /home/action/.rvm/rubies/ruby-2.0.0-p247/lib/ruby/2.0.0/webrick/server.rb:295:in `block in start_thread'


  Rendered /home/action/.rvm/gems/ruby-2.0.0-p247/gems/actionpack-3.2.13/lib/action_dispatch/middleware/templates/rescues/routing_error.erb within rescues/layout (0.6ms)


Started GET "/posts/new" for 130.123.108.22 at 2013-09-24 00:16:39 +0000
Processing by PostsController#new as HTML
  Rendered posts/new.html.erb within layouts/application (15.0ms)
Completed 200 OK in 51ms (Views: 50.8ms | ActiveRecord: 0.0ms)


Started GET "/posts/application.css" for 130.123.108.22 at 2013-09-24 00:16:39 +0000
Processing by PostsController#show as CSS
  Parameters: {"id"=>"application"}
  [1m[36mPost Load (668.3ms)[0m  [1mSELECT "posts".* FROM "posts" WHERE "posts"."id" = $1 LIMIT 1[0m  [["id", "application"]]
  [1m[35mEXPLAIN (445.8ms)[0m  EXPLAIN SELECT "posts".* FROM "posts" WHERE "posts"."id" = $1 LIMIT 1  [["id", "application"]]
EXPLAIN for: SELECT  "posts".* FROM "posts"  WHERE "posts"."id" = $1 LIMIT 1 [["id", "application"]]
                                   QUERY PLAN
--------------------------------------------------------------------------------
 Limit  (cost=0.00..4.05 rows=1 width=568)
   ->  Index Scan using posts_pkey on posts  (cost=0.00..4.05 rows=1 width=568)
         Index Cond: (id = 0)
(3 rows)

Completed 404 Not Found in 1117ms

ActiveRecord::RecordNotFound (Couldn't find Post with id=application):
  app/controllers/posts_controller.rb:19:in `show'


  Rendered /home/action/.rvm/gems/ruby-2.0.0-p247/gems/actionpack-3.2.13/lib/action_dispatch/middleware/templates/rescues/_trace.erb (1.5ms)
  Rendered /home/action/.rvm/gems/ruby-2.0.0-p247/gems/actionpack-3.2.13/lib/action_dispatch/middleware/templates/rescues/_request_and_response.erb (9.2ms)
  Rendered /home/action/.rvm/gems/ruby-2.0.0-p247/gems/actionpack-3.2.13/lib/action_dispatch/middleware/templates/rescues/diagnostics.erb within rescues/layout (19.3ms)


Started POST "/posts" for 130.123.108.22 at 2013-09-24 00:16:43 +0000
Processing by PostsController#create as HTML
  Parameters: {"utf8"=>"✓", "authenticity_token"=>"U9F5PndVGfx2fGzNrasa5/e8AnWnnthm3m1Zr3m/ZVY=", "post"=>{"title"=>"asdasDAs", "text"=>"asdaDAsdasD"}, "commit"=>"Save Post"}
  [1m[36m (222.5ms)[0m  [1mBEGIN[0m
  [1m[35mSQL (452.4ms)[0m  INSERT INTO "posts" ("created_at", "text", "title", "updated_at") VALUES ($1, $2, $3, $4) RETURNING "id"  [["created_at", Tue, 24 Sep 2013 00:16:44 UTC +00:00], ["text", "asdaDAsdasD"], ["title", "asdasDAs"], ["updated_at", Tue, 24 Sep 2013 00:16:44 UTC +00:00]]
  [1m[36m (224.5ms)[0m  [1mCOMMIT[0m
Redirected to http://interfaces-33516.apse2.actionbox.io:3000/posts/7
Completed 302 Found in 906ms (ActiveRecord: 899.5ms)


Started GET "/posts/7" for 130.123.108.22 at 2013-09-24 00:16:44 +0000
Processing by PostsController#show as HTML
  Parameters: {"id"=>"7"}
  [1m[35mPost Load (222.9ms)[0m  SELECT "posts".* FROM "posts" WHERE "posts"."id" = $1 LIMIT 1  [["id", "7"]]
  Rendered posts/show.html.erb within layouts/application (1.3ms)
Completed 200 OK in 275ms (Views: 42.6ms | ActiveRecord: 222.9ms)


Started GET "/posts/application.css" for 130.123.108.22 at 2013-09-24 00:16:45 +0000
Processing by PostsController#show as CSS
  Parameters: {"id"=>"application"}
  [1m[36mPost Load (223.5ms)[0m  [1mSELECT "posts".* FROM "posts" WHERE "posts"."id" = $1 LIMIT 1[0m  [["id", "application"]]
Completed 404 Not Found in 225ms

ActiveRecord::RecordNotFound (Couldn't find Post with id=application):
  app/controllers/posts_controller.rb:19:in `show'


  Rendered /home/action/.rvm/gems/ruby-2.0.0-p247/gems/actionpack-3.2.13/lib/action_dispatch/middleware/templates/rescues/_trace.erb (1.5ms)
  Rendered /home/action/.rvm/gems/ruby-2.0.0-p247/gems/actionpack-3.2.13/lib/action_dispatch/middleware/templates/rescues/_request_and_response.erb (1.1ms)
  Rendered /home/action/.rvm/gems/ruby-2.0.0-p247/gems/actionpack-3.2.13/lib/action_dispatch/middleware/templates/rescues/diagnostics.erb within rescues/layout (15.3ms)


Started GET "/posts" for 130.123.108.22 at 2013-09-24 00:16:48 +0000
Processing by PostsController#index as HTML
  [1m[35mPost Load (222.6ms)[0m  SELECT "posts".* FROM "posts" 
  Rendered posts/index.html.erb within layouts/application (8.0ms)
Completed 200 OK in 324ms (Views: 99.8ms | ActiveRecord: 222.6ms)


Started GET "/application.css" for 130.123.108.22 at 2013-09-24 00:16:49 +0000

ActionController::RoutingError (No route matches [GET] "/application.css"):
  actionpack (3.2.13) lib/action_dispatch/middleware/debug_exceptions.rb:21:in `call'
  actionpack (3.2.13) lib/action_dispatch/middleware/show_exceptions.rb:56:in `call'
  railties (3.2.13) lib/rails/rack/logger.rb:32:in `call_app'
  railties (3.2.13) lib/rails/rack/logger.rb:16:in `block in call'
  activesupport (3.2.13) lib/active_support/tagged_logging.rb:22:in `tagged'
  railties (3.2.13) lib/rails/rack/logger.rb:16:in `call'
  actionpack (3.2.13) lib/action_dispatch/middleware/request_id.rb:22:in `call'
  rack (1.4.5) lib/rack/methodoverride.rb:21:in `call'
  rack (1.4.5) lib/rack/runtime.rb:17:in `call'
  activesupport (3.2.13) lib/active_support/cache/strategy/local_cache.rb:72:in `call'
  rack (1.4.5) lib/rack/lock.rb:15:in `call'
  actionpack (3.2.13) lib/action_dispatch/middleware/static.rb:63:in `call'
  railties (3.2.13) lib/rails/engine.rb:479:in `call'
  railties (3.2.13) lib/rails/application.rb:223:in `call'
  rack (1.4.5) lib/rack/content_length.rb:14:in `call'
  railties (3.2.13) lib/rails/rack/log_tailer.rb:17:in `call'
  rack (1.4.5) lib/rack/handler/webrick.rb:59:in `service'
  /home/action/.rvm/rubies/ruby-2.0.0-p247/lib/ruby/2.0.0/webrick/httpserver.rb:138:in `service'
  /home/action/.rvm/rubies/ruby-2.0.0-p247/lib/ruby/2.0.0/webrick/httpserver.rb:94:in `run'
  /home/action/.rvm/rubies/ruby-2.0.0-p247/lib/ruby/2.0.0/webrick/server.rb:295:in `block in start_thread'


  Rendered /home/action/.rvm/gems/ruby-2.0.0-p247/gems/actionpack-3.2.13/lib/action_dispatch/middleware/templates/rescues/routing_error.erb within rescues/layout (0.6ms)


Started GET "/posts/new" for 130.123.108.22 at 2013-09-24 00:16:57 +0000
Processing by PostsController#new as HTML
  Rendered posts/new.html.erb within layouts/application (8.0ms)
Completed 200 OK in 49ms (Views: 49.1ms | ActiveRecord: 0.0ms)


Started GET "/posts/application.css" for 130.123.108.22 at 2013-09-24 00:16:57 +0000
Processing by PostsController#show as CSS
  Parameters: {"id"=>"application"}
  [1m[36mPost Load (222.4ms)[0m  [1mSELECT "posts".* FROM "posts" WHERE "posts"."id" = $1 LIMIT 1[0m  [["id", "application"]]
Completed 404 Not Found in 224ms

ActiveRecord::RecordNotFound (Couldn't find Post with id=application):
  app/controllers/posts_controller.rb:19:in `show'


  Rendered /home/action/.rvm/gems/ruby-2.0.0-p247/gems/actionpack-3.2.13/lib/action_dispatch/middleware/templates/rescues/_trace.erb (1.3ms)
  Rendered /home/action/.rvm/gems/ruby-2.0.0-p247/gems/actionpack-3.2.13/lib/action_dispatch/middleware/templates/rescues/_request_and_response.erb (1.0ms)
  Rendered /home/action/.rvm/gems/ruby-2.0.0-p247/gems/actionpack-3.2.13/lib/action_dispatch/middleware/templates/rescues/diagnostics.erb within rescues/layout (14.4ms)


Started GET "/index" for 130.123.108.22 at 2013-09-24 00:16:59 +0000
Processing by WelcomeController#index as HTML
  Rendered welcome/index.html.erb within layouts/application (0.4ms)
Completed 200 OK in 51ms (Views: 51.2ms | ActiveRecord: 0.0ms)


Started GET "/application.css" for 130.123.108.22 at 2013-09-24 00:17:00 +0000

ActionController::RoutingError (No route matches [GET] "/application.css"):
  actionpack (3.2.13) lib/action_dispatch/middleware/debug_exceptions.rb:21:in `call'
  actionpack (3.2.13) lib/action_dispatch/middleware/show_exceptions.rb:56:in `call'
  railties (3.2.13) lib/rails/rack/logger.rb:32:in `call_app'
  railties (3.2.13) lib/rails/rack/logger.rb:16:in `block in call'
  activesupport (3.2.13) lib/active_support/tagged_logging.rb:22:in `tagged'
  railties (3.2.13) lib/rails/rack/logger.rb:16:in `call'
  actionpack (3.2.13) lib/action_dispatch/middleware/request_id.rb:22:in `call'
  rack (1.4.5) lib/rack/methodoverride.rb:21:in `call'
  rack (1.4.5) lib/rack/runtime.rb:17:in `call'
  activesupport (3.2.13) lib/active_support/cache/strategy/local_cache.rb:72:in `call'
  rack (1.4.5) lib/rack/lock.rb:15:in `call'
  actionpack (3.2.13) lib/action_dispatch/middleware/static.rb:63:in `call'
  railties (3.2.13) lib/rails/engine.rb:479:in `call'
  railties (3.2.13) lib/rails/application.rb:223:in `call'
  rack (1.4.5) lib/rack/content_length.rb:14:in `call'
  railties (3.2.13) lib/rails/rack/log_tailer.rb:17:in `call'
  rack (1.4.5) lib/rack/handler/webrick.rb:59:in `service'
  /home/action/.rvm/rubies/ruby-2.0.0-p247/lib/ruby/2.0.0/webrick/httpserver.rb:138:in `service'
  /home/action/.rvm/rubies/ruby-2.0.0-p247/lib/ruby/2.0.0/webrick/httpserver.rb:94:in `run'
  /home/action/.rvm/rubies/ruby-2.0.0-p247/lib/ruby/2.0.0/webrick/server.rb:295:in `block in start_thread'


  Rendered /home/action/.rvm/gems/ruby-2.0.0-p247/gems/actionpack-3.2.13/lib/action_dispatch/middleware/templates/rescues/routing_error.erb within rescues/layout (0.7ms)


Started GET "/skrollr.min.js" for 130.123.108.22 at 2013-09-24 00:17:00 +0000

ActionController::RoutingError (No route matches [GET] "/skrollr.min.js"):
  actionpack (3.2.13) lib/action_dispatch/middleware/debug_exceptions.rb:21:in `call'
  actionpack (3.2.13) lib/action_dispatch/middleware/show_exceptions.rb:56:in `call'
  railties (3.2.13) lib/rails/rack/logger.rb:32:in `call_app'
  railties (3.2.13) lib/rails/rack/logger.rb:16:in `block in call'
  activesupport (3.2.13) lib/active_support/tagged_logging.rb:22:in `tagged'
  railties (3.2.13) lib/rails/rack/logger.rb:16:in `call'
  actionpack (3.2.13) lib/action_dispatch/middleware/request_id.rb:22:in `call'
  rack (1.4.5) lib/rack/methodoverride.rb:21:in `call'
  rack (1.4.5) lib/rack/runtime.rb:17:in `call'
  activesupport (3.2.13) lib/active_support/cache/strategy/local_cache.rb:72:in `call'
  rack (1.4.5) lib/rack/lock.rb:15:in `call'
  actionpack (3.2.13) lib/action_dispatch/middleware/static.rb:63:in `call'
  railties (3.2.13) lib/rails/engine.rb:479:in `call'
  railties (3.2.13) lib/rails/application.rb:223:in `call'
  rack (1.4.5) lib/rack/content_length.rb:14:in `call'
  railties (3.2.13) lib/rails/rack/log_tailer.rb:17:in `call'
  rack (1.4.5) lib/rack/handler/webrick.rb:59:in `service'
  /home/action/.rvm/rubies/ruby-2.0.0-p247/lib/ruby/2.0.0/webrick/httpserver.rb:138:in `service'
  /home/action/.rvm/rubies/ruby-2.0.0-p247/lib/ruby/2.0.0/webrick/httpserver.rb:94:in `run'
  /home/action/.rvm/rubies/ruby-2.0.0-p247/lib/ruby/2.0.0/webrick/server.rb:295:in `block in start_thread'


  Rendered /home/action/.rvm/gems/ruby-2.0.0-p247/gems/actionpack-3.2.13/lib/action_dispatch/middleware/templates/rescues/routing_error.erb within rescues/layout (0.6ms)


Started GET "/posts" for 130.123.108.22 at 2013-09-24 00:17:01 +0000
Processing by PostsController#index as HTML
  [1m[35mPost Load (222.8ms)[0m  SELECT "posts".* FROM "posts" 
  Rendered posts/index.html.erb within layouts/application (3.5ms)
Completed 200 OK in 337ms (Views: 112.5ms | ActiveRecord: 222.8ms)


Started GET "/application.css" for 130.123.108.22 at 2013-09-24 00:17:01 +0000

ActionController::RoutingError (No route matches [GET] "/application.css"):
  actionpack (3.2.13) lib/action_dispatch/middleware/debug_exceptions.rb:21:in `call'
  actionpack (3.2.13) lib/action_dispatch/middleware/show_exceptions.rb:56:in `call'
  railties (3.2.13) lib/rails/rack/logger.rb:32:in `call_app'
  railties (3.2.13) lib/rails/rack/logger.rb:16:in `block in call'
  activesupport (3.2.13) lib/active_support/tagged_logging.rb:22:in `tagged'
  railties (3.2.13) lib/rails/rack/logger.rb:16:in `call'
  actionpack (3.2.13) lib/action_dispatch/middleware/request_id.rb:22:in `call'
  rack (1.4.5) lib/rack/methodoverride.rb:21:in `call'
  rack (1.4.5) lib/rack/runtime.rb:17:in `call'
  activesupport (3.2.13) lib/active_support/cache/strategy/local_cache.rb:72:in `call'
  rack (1.4.5) lib/rack/lock.rb:15:in `call'
  actionpack (3.2.13) lib/action_dispatch/middleware/static.rb:63:in `call'
  railties (3.2.13) lib/rails/engine.rb:479:in `call'
  railties (3.2.13) lib/rails/application.rb:223:in `call'
  rack (1.4.5) lib/rack/content_length.rb:14:in `call'
  railties (3.2.13) lib/rails/rack/log_tailer.rb:17:in `call'
  rack (1.4.5) lib/rack/handler/webrick.rb:59:in `service'
  /home/action/.rvm/rubies/ruby-2.0.0-p247/lib/ruby/2.0.0/webrick/httpserver.rb:138:in `service'
  /home/action/.rvm/rubies/ruby-2.0.0-p247/lib/ruby/2.0.0/webrick/httpserver.rb:94:in `run'
  /home/action/.rvm/rubies/ruby-2.0.0-p247/lib/ruby/2.0.0/webrick/server.rb:295:in `block in start_thread'


  Rendered /home/action/.rvm/gems/ruby-2.0.0-p247/gems/actionpack-3.2.13/lib/action_dispatch/middleware/templates/rescues/routing_error.erb within rescues/layout (0.7ms)
